2025-09-04 16:47:19 [scrapy.utils.log] INFO: Scrapy 2.11.1 started (bot: kbo_scraper)
2025-09-04 16:47:19 [scrapy.utils.log] INFO: Versions: lxml 5.2.1.0, libxml2 2.10.4, cssselect 1.2.0, parsel 1.8.1, w3lib 2.1.2, Twisted 23.10.0, Python 3.12.4 | packaged by Anaconda, Inc. | (main, Jun 18 2024, 15:03:56) [MSC v.1929 64 bit (AMD64)], pyOpenSSL 24.0.0 (OpenSSL 3.0.15 3 Sep 2024), cryptography 42.0.5, Platform Windows-11-10.0.26100-SP0
2025-09-04 16:47:19 [scrapy.addons] INFO: Enabled addons:
[]
2025-09-04 16:47:19 [py.warnings] WARNING: C:\Users\Quentin\anaconda3\Lib\site-packages\scrapy\utils\request.py:254: ScrapyDeprecationWarning: '2.6' is a deprecated value for the 'REQUEST_FINGERPRINTER_IMPLEMENTATION' setting.

It is also the default value. In other words, it is normal to get this warning if you have not defined a value for the 'REQUEST_FINGERPRINTER_IMPLEMENTATION' setting. This is so for backward compatibility reasons, but it will change in a future version of Scrapy.

See the documentation of the 'REQUEST_FINGERPRINTER_IMPLEMENTATION' setting for information on how to handle this deprecation.
  return cls(crawler)

2025-09-04 16:47:19 [scrapy.extensions.telnet] INFO: Telnet Password: 9d91e01d75af73d4
2025-09-04 16:47:19 [scrapy.middleware] INFO: Enabled extensions:
['scrapy.extensions.corestats.CoreStats',
 'scrapy.extensions.telnet.TelnetConsole',
 'scrapy.extensions.logstats.LogStats',
 'scrapy.extensions.throttle.AutoThrottle']
2025-09-04 16:47:19 [scrapy.crawler] INFO: Overridden settings:
{'AUTOTHROTTLE_ENABLED': True,
 'AUTOTHROTTLE_MAX_DELAY': 10,
 'AUTOTHROTTLE_START_DELAY': 1,
 'AUTOTHROTTLE_TARGET_CONCURRENCY': 2.0,
 'BOT_NAME': 'kbo_scraper',
 'DOWNLOAD_DELAY': 2,
 'HTTPCACHE_ENABLED': True,
 'HTTPCACHE_EXPIRATION_SECS': 3600,
 'LOG_FILE': 'scrapy.log',
 'LOG_LEVEL': 'INFO',
 'NEWSPIDER_MODULE': 'kbo_scraper.spiders',
 'RANDOMIZE_DOWNLOAD_DELAY': 0.5,
 'SPIDER_MODULES': ['kbo_scraper.spiders']}
2025-09-04 16:47:19 [scrapy.middleware] INFO: Enabled downloader middlewares:
['scrapy.downloadermiddlewares.httpauth.HttpAuthMiddleware',
 'scrapy.downloadermiddlewares.downloadtimeout.DownloadTimeoutMiddleware',
 'scrapy.downloadermiddlewares.defaultheaders.DefaultHeadersMiddleware',
 'kbo_scraper.middlewares.RotateUserAgentMiddleware',
 'scrapy.downloadermiddlewares.retry.RetryMiddleware',
 'scrapy.downloadermiddlewares.redirect.MetaRefreshMiddleware',
 'scrapy.downloadermiddlewares.httpcompression.HttpCompressionMiddleware',
 'scrapy.downloadermiddlewares.redirect.RedirectMiddleware',
 'scrapy.downloadermiddlewares.cookies.CookiesMiddleware',
 'scrapy.downloadermiddlewares.httpproxy.HttpProxyMiddleware',
 'scrapy.downloadermiddlewares.stats.DownloaderStats',
 'scrapy.downloadermiddlewares.httpcache.HttpCacheMiddleware']
2025-09-04 16:47:19 [scrapy.middleware] INFO: Enabled spider middlewares:
['scrapy.spidermiddlewares.httperror.HttpErrorMiddleware',
 'scrapy.spidermiddlewares.offsite.OffsiteMiddleware',
 'scrapy.spidermiddlewares.referer.RefererMiddleware',
 'scrapy.spidermiddlewares.urllength.UrlLengthMiddleware',
 'scrapy.spidermiddlewares.depth.DepthMiddleware']
2025-09-04 16:47:19 [scrapy.middleware] INFO: Enabled item pipelines:
['kbo_scraper.pipelines.ValidationPipeline',
 'kbo_scraper.pipelines.PublicationDeduplicationPipeline',
 'kbo_scraper.pipelines.MongoPipeline']
2025-09-04 16:47:19 [scrapy.core.engine] INFO: Spider opened
2025-09-04 16:47:19 [scrapy.extensions.logstats] INFO: Crawled 0 pages (at 0 pages/min), scraped 0 items (at 0 items/min)
2025-09-04 16:47:19 [scrapy.extensions.telnet] INFO: Telnet console listening on 127.0.0.1:6023
2025-09-04 16:47:19 [kbo_spider] INFO: Requesting URL: https://kbopub.economie.fgov.be/kbopub/toonondernemingps.html?lang=fr&ondernemingsnummer=0200420608
2025-09-04 16:47:19 [kbo_spider] INFO: Requesting URL: https://kbopub.economie.fgov.be/kbopub/toonondernemingps.html?lang=fr&ondernemingsnummer=0200068636
2025-09-04 16:47:19 [kbo_spider] INFO: Requesting URL: https://kbopub.economie.fgov.be/kbopub/toonondernemingps.html?lang=fr&ondernemingsnummer=0200362210
2025-09-04 16:47:19 [kbo_spider] INFO: Requesting URL: https://kbopub.economie.fgov.be/kbopub/toonondernemingps.html?lang=fr&ondernemingsnummer=0203430576
2025-09-04 16:47:19 [kbo_spider] INFO: Requesting URL: https://kbopub.economie.fgov.be/kbopub/toonondernemingps.html?lang=fr&ondernemingsnummer=0200420410
2025-09-04 16:47:19 [kbo_spider] INFO: Requesting URL: https://kbopub.economie.fgov.be/kbopub/toonondernemingps.html?lang=fr&ondernemingsnummer=0200171970
2025-09-04 16:47:19 [kbo_spider] INFO: Requesting URL: https://kbopub.economie.fgov.be/kbopub/toonondernemingps.html?lang=fr&ondernemingsnummer=0200448421
2025-09-04 16:47:19 [kbo_spider] INFO: Requesting URL: https://kbopub.economie.fgov.be/kbopub/toonondernemingps.html?lang=fr&ondernemingsnummer=0200305493
2025-09-04 16:47:19 [kbo_spider] INFO: Requesting URL: https://kbopub.economie.fgov.be/kbopub/toonondernemingps.html?lang=fr&ondernemingsnummer=0200245711
2025-09-04 16:47:19 [kbo_spider] INFO: Requesting URL: https://kbopub.economie.fgov.be/kbopub/toonondernemingps.html?lang=fr&ondernemingsnummer=0200362408
2025-09-04 16:47:19 [kbo_spider] ERROR: Erreur JSON BELAC: Expecting value: line 1 column 1 (char 0)
2025-09-04 16:47:19 [kbo_spider] ERROR: Erreur JSON BELAC: Expecting value: line 1 column 1 (char 0)
2025-09-04 16:47:19 [scrapy.core.engine] INFO: Closing spider (finished)
2025-09-04 16:47:19 [scrapy.statscollectors] INFO: Dumping Scrapy stats:
{'downloader/request_bytes': 13477,
 'downloader/request_count': 20,
 'downloader/request_method_count/GET': 20,
 'downloader/response_bytes': 209218,
 'downloader/response_count': 20,
 'downloader/response_status_count/200': 14,
 'downloader/response_status_count/302': 6,
 'elapsed_time_seconds': 0.403485,
 'finish_reason': 'finished',
 'finish_time': datetime.datetime(2025, 9, 4, 14, 47, 19, 744551, tzinfo=datetime.timezone.utc),
 'httpcache/hit': 20,
 'httpcompression/response_bytes': 39784,
 'httpcompression/response_count': 4,
 'item_scraped_count': 10,
 'log_count/ERROR': 2,
 'log_count/INFO': 20,
 'log_count/WARNING': 1,
 'request_depth_max': 2,
 'response_received_count': 14,
 'scheduler/dequeued': 20,
 'scheduler/dequeued/memory': 20,
 'scheduler/enqueued': 20,
 'scheduler/enqueued/memory': 20,
 'start_time': datetime.datetime(2025, 9, 4, 14, 47, 19, 341066, tzinfo=datetime.timezone.utc)}
2025-09-04 16:47:19 [scrapy.core.engine] INFO: Spider closed (finished)
2025-09-04 16:51:11 [scrapy.utils.log] INFO: Scrapy 2.11.1 started (bot: kbo_scraper)
2025-09-04 16:51:11 [scrapy.utils.log] INFO: Versions: lxml 5.2.1.0, libxml2 2.10.4, cssselect 1.2.0, parsel 1.8.1, w3lib 2.1.2, Twisted 23.10.0, Python 3.12.4 | packaged by Anaconda, Inc. | (main, Jun 18 2024, 15:03:56) [MSC v.1929 64 bit (AMD64)], pyOpenSSL 24.0.0 (OpenSSL 3.0.15 3 Sep 2024), cryptography 42.0.5, Platform Windows-11-10.0.26100-SP0
2025-09-04 16:51:11 [scrapy.addons] INFO: Enabled addons:
[]
2025-09-04 16:51:11 [py.warnings] WARNING: C:\Users\Quentin\anaconda3\Lib\site-packages\scrapy\utils\request.py:254: ScrapyDeprecationWarning: '2.6' is a deprecated value for the 'REQUEST_FINGERPRINTER_IMPLEMENTATION' setting.

It is also the default value. In other words, it is normal to get this warning if you have not defined a value for the 'REQUEST_FINGERPRINTER_IMPLEMENTATION' setting. This is so for backward compatibility reasons, but it will change in a future version of Scrapy.

See the documentation of the 'REQUEST_FINGERPRINTER_IMPLEMENTATION' setting for information on how to handle this deprecation.
  return cls(crawler)

2025-09-04 16:51:11 [scrapy.extensions.telnet] INFO: Telnet Password: 92dd0db3e91eba49
2025-09-04 16:51:11 [scrapy.middleware] INFO: Enabled extensions:
['scrapy.extensions.corestats.CoreStats',
 'scrapy.extensions.telnet.TelnetConsole',
 'scrapy.extensions.logstats.LogStats',
 'scrapy.extensions.throttle.AutoThrottle']
2025-09-04 16:51:11 [scrapy.crawler] INFO: Overridden settings:
{'AUTOTHROTTLE_ENABLED': True,
 'AUTOTHROTTLE_MAX_DELAY': 10,
 'AUTOTHROTTLE_START_DELAY': 1,
 'AUTOTHROTTLE_TARGET_CONCURRENCY': 2.0,
 'BOT_NAME': 'kbo_scraper',
 'DOWNLOAD_DELAY': 2,
 'HTTPCACHE_ENABLED': True,
 'HTTPCACHE_EXPIRATION_SECS': 3600,
 'LOG_FILE': 'scrapy.log',
 'LOG_LEVEL': 'INFO',
 'NEWSPIDER_MODULE': 'kbo_scraper.spiders',
 'RANDOMIZE_DOWNLOAD_DELAY': 0.5,
 'SPIDER_MODULES': ['kbo_scraper.spiders']}
2025-09-04 16:51:11 [scrapy.middleware] INFO: Enabled downloader middlewares:
['scrapy.downloadermiddlewares.httpauth.HttpAuthMiddleware',
 'scrapy.downloadermiddlewares.downloadtimeout.DownloadTimeoutMiddleware',
 'scrapy.downloadermiddlewares.defaultheaders.DefaultHeadersMiddleware',
 'kbo_scraper.middlewares.RotateUserAgentMiddleware',
 'scrapy.downloadermiddlewares.retry.RetryMiddleware',
 'scrapy.downloadermiddlewares.redirect.MetaRefreshMiddleware',
 'scrapy.downloadermiddlewares.httpcompression.HttpCompressionMiddleware',
 'scrapy.downloadermiddlewares.redirect.RedirectMiddleware',
 'scrapy.downloadermiddlewares.cookies.CookiesMiddleware',
 'scrapy.downloadermiddlewares.httpproxy.HttpProxyMiddleware',
 'scrapy.downloadermiddlewares.stats.DownloaderStats',
 'scrapy.downloadermiddlewares.httpcache.HttpCacheMiddleware']
2025-09-04 16:51:11 [scrapy.middleware] INFO: Enabled spider middlewares:
['scrapy.spidermiddlewares.httperror.HttpErrorMiddleware',
 'scrapy.spidermiddlewares.offsite.OffsiteMiddleware',
 'scrapy.spidermiddlewares.referer.RefererMiddleware',
 'scrapy.spidermiddlewares.urllength.UrlLengthMiddleware',
 'scrapy.spidermiddlewares.depth.DepthMiddleware']
2025-09-04 16:51:11 [scrapy.middleware] INFO: Enabled item pipelines:
['kbo_scraper.pipelines.ValidationPipeline',
 'kbo_scraper.pipelines.PublicationDeduplicationPipeline',
 'kbo_scraper.pipelines.MongoPipeline']
2025-09-04 16:51:11 [scrapy.core.engine] INFO: Spider opened
2025-09-04 16:51:11 [scrapy.extensions.logstats] INFO: Crawled 0 pages (at 0 pages/min), scraped 0 items (at 0 items/min)
2025-09-04 16:51:11 [scrapy.extensions.telnet] INFO: Telnet console listening on 127.0.0.1:6023
2025-09-04 16:51:11 [kbo_spider] INFO: Requesting URL: https://kbopub.economie.fgov.be/kbopub/toonondernemingps.html?lang=fr&ondernemingsnummer=0200420608
2025-09-04 16:51:11 [kbo_spider] INFO: Requesting URL: https://kbopub.economie.fgov.be/kbopub/toonondernemingps.html?lang=fr&ondernemingsnummer=0200068636
2025-09-04 16:51:11 [kbo_spider] INFO: Requesting URL: https://kbopub.economie.fgov.be/kbopub/toonondernemingps.html?lang=fr&ondernemingsnummer=0200362210
2025-09-04 16:51:11 [kbo_spider] INFO: Requesting URL: https://kbopub.economie.fgov.be/kbopub/toonondernemingps.html?lang=fr&ondernemingsnummer=0203430576
2025-09-04 16:51:11 [kbo_spider] INFO: Requesting URL: https://kbopub.economie.fgov.be/kbopub/toonondernemingps.html?lang=fr&ondernemingsnummer=0200420410
2025-09-04 16:51:11 [kbo_spider] INFO: Requesting URL: https://kbopub.economie.fgov.be/kbopub/toonondernemingps.html?lang=fr&ondernemingsnummer=0200171970
2025-09-04 16:51:11 [kbo_spider] INFO: Requesting URL: https://kbopub.economie.fgov.be/kbopub/toonondernemingps.html?lang=fr&ondernemingsnummer=0200448421
2025-09-04 16:51:11 [kbo_spider] INFO: Requesting URL: https://kbopub.economie.fgov.be/kbopub/toonondernemingps.html?lang=fr&ondernemingsnummer=0200305493
2025-09-04 16:51:11 [kbo_spider] INFO: Requesting URL: https://kbopub.economie.fgov.be/kbopub/toonondernemingps.html?lang=fr&ondernemingsnummer=0200245711
2025-09-04 16:51:11 [kbo_spider] INFO: Requesting URL: https://kbopub.economie.fgov.be/kbopub/toonondernemingps.html?lang=fr&ondernemingsnummer=0200362408
2025-09-04 16:51:12 [scrapy.core.engine] INFO: Closing spider (finished)
2025-09-04 16:51:12 [scrapy.statscollectors] INFO: Dumping Scrapy stats:
{'downloader/request_bytes': 8739,
 'downloader/request_count': 10,
 'downloader/request_method_count/GET': 10,
 'downloader/response_bytes': 190826,
 'downloader/response_count': 10,
 'downloader/response_status_count/200': 10,
 'elapsed_time_seconds': 0.161721,
 'finish_reason': 'finished',
 'finish_time': datetime.datetime(2025, 9, 4, 14, 51, 12, 36677, tzinfo=datetime.timezone.utc),
 'httpcache/hit': 10,
 'log_count/INFO': 20,
 'log_count/WARNING': 1,
 'response_received_count': 10,
 'scheduler/dequeued': 10,
 'scheduler/dequeued/memory': 10,
 'scheduler/enqueued': 10,
 'scheduler/enqueued/memory': 10,
 'start_time': datetime.datetime(2025, 9, 4, 14, 51, 11, 874956, tzinfo=datetime.timezone.utc)}
2025-09-04 16:51:12 [scrapy.core.engine] INFO: Spider closed (finished)
2025-09-04 16:52:06 [scrapy.utils.log] INFO: Scrapy 2.11.1 started (bot: kbo_scraper)
2025-09-04 16:52:06 [scrapy.utils.log] INFO: Versions: lxml 5.2.1.0, libxml2 2.10.4, cssselect 1.2.0, parsel 1.8.1, w3lib 2.1.2, Twisted 23.10.0, Python 3.12.4 | packaged by Anaconda, Inc. | (main, Jun 18 2024, 15:03:56) [MSC v.1929 64 bit (AMD64)], pyOpenSSL 24.0.0 (OpenSSL 3.0.15 3 Sep 2024), cryptography 42.0.5, Platform Windows-11-10.0.26100-SP0
2025-09-04 16:52:06 [scrapy.addons] INFO: Enabled addons:
[]
2025-09-04 16:52:06 [py.warnings] WARNING: C:\Users\Quentin\anaconda3\Lib\site-packages\scrapy\utils\request.py:254: ScrapyDeprecationWarning: '2.6' is a deprecated value for the 'REQUEST_FINGERPRINTER_IMPLEMENTATION' setting.

It is also the default value. In other words, it is normal to get this warning if you have not defined a value for the 'REQUEST_FINGERPRINTER_IMPLEMENTATION' setting. This is so for backward compatibility reasons, but it will change in a future version of Scrapy.

See the documentation of the 'REQUEST_FINGERPRINTER_IMPLEMENTATION' setting for information on how to handle this deprecation.
  return cls(crawler)

2025-09-04 16:52:06 [scrapy.extensions.telnet] INFO: Telnet Password: fb4e115ef45db3a3
2025-09-04 16:52:06 [scrapy.middleware] INFO: Enabled extensions:
['scrapy.extensions.corestats.CoreStats',
 'scrapy.extensions.telnet.TelnetConsole',
 'scrapy.extensions.logstats.LogStats',
 'scrapy.extensions.throttle.AutoThrottle']
2025-09-04 16:52:06 [scrapy.crawler] INFO: Overridden settings:
{'AUTOTHROTTLE_ENABLED': True,
 'AUTOTHROTTLE_MAX_DELAY': 10,
 'AUTOTHROTTLE_START_DELAY': 1,
 'AUTOTHROTTLE_TARGET_CONCURRENCY': 2.0,
 'BOT_NAME': 'kbo_scraper',
 'DOWNLOAD_DELAY': 2,
 'HTTPCACHE_ENABLED': True,
 'HTTPCACHE_EXPIRATION_SECS': 3600,
 'LOG_FILE': 'scrapy.log',
 'LOG_LEVEL': 'INFO',
 'NEWSPIDER_MODULE': 'kbo_scraper.spiders',
 'RANDOMIZE_DOWNLOAD_DELAY': 0.5,
 'SPIDER_MODULES': ['kbo_scraper.spiders']}
2025-09-04 16:52:06 [scrapy.middleware] INFO: Enabled downloader middlewares:
['scrapy.downloadermiddlewares.httpauth.HttpAuthMiddleware',
 'scrapy.downloadermiddlewares.downloadtimeout.DownloadTimeoutMiddleware',
 'scrapy.downloadermiddlewares.defaultheaders.DefaultHeadersMiddleware',
 'kbo_scraper.middlewares.RotateUserAgentMiddleware',
 'scrapy.downloadermiddlewares.retry.RetryMiddleware',
 'scrapy.downloadermiddlewares.redirect.MetaRefreshMiddleware',
 'scrapy.downloadermiddlewares.httpcompression.HttpCompressionMiddleware',
 'scrapy.downloadermiddlewares.redirect.RedirectMiddleware',
 'scrapy.downloadermiddlewares.cookies.CookiesMiddleware',
 'scrapy.downloadermiddlewares.httpproxy.HttpProxyMiddleware',
 'scrapy.downloadermiddlewares.stats.DownloaderStats',
 'scrapy.downloadermiddlewares.httpcache.HttpCacheMiddleware']
2025-09-04 16:52:06 [scrapy.middleware] INFO: Enabled spider middlewares:
['scrapy.spidermiddlewares.httperror.HttpErrorMiddleware',
 'scrapy.spidermiddlewares.offsite.OffsiteMiddleware',
 'scrapy.spidermiddlewares.referer.RefererMiddleware',
 'scrapy.spidermiddlewares.urllength.UrlLengthMiddleware',
 'scrapy.spidermiddlewares.depth.DepthMiddleware']
2025-09-04 16:52:06 [scrapy.middleware] INFO: Enabled item pipelines:
['kbo_scraper.pipelines.ValidationPipeline',
 'kbo_scraper.pipelines.PublicationDeduplicationPipeline',
 'kbo_scraper.pipelines.MongoPipeline']
2025-09-04 16:52:06 [scrapy.core.engine] INFO: Spider opened
2025-09-04 16:52:06 [scrapy.extensions.logstats] INFO: Crawled 0 pages (at 0 pages/min), scraped 0 items (at 0 items/min)
2025-09-04 16:52:06 [scrapy.extensions.telnet] INFO: Telnet console listening on 127.0.0.1:6023
2025-09-04 16:52:06 [kbo_spider] INFO: Requesting URL: https://kbopub.economie.fgov.be/kbopub/toonondernemingps.html?lang=fr&ondernemingsnummer=0200420608
2025-09-04 16:52:06 [kbo_spider] INFO: Requesting URL: https://kbopub.economie.fgov.be/kbopub/toonondernemingps.html?lang=fr&ondernemingsnummer=0200068636
2025-09-04 16:52:06 [kbo_spider] INFO: Requesting URL: https://kbopub.economie.fgov.be/kbopub/toonondernemingps.html?lang=fr&ondernemingsnummer=0200362210
2025-09-04 16:52:06 [kbo_spider] INFO: Requesting URL: https://kbopub.economie.fgov.be/kbopub/toonondernemingps.html?lang=fr&ondernemingsnummer=0203430576
2025-09-04 16:52:06 [kbo_spider] INFO: Requesting URL: https://kbopub.economie.fgov.be/kbopub/toonondernemingps.html?lang=fr&ondernemingsnummer=0200420410
2025-09-04 16:52:06 [kbo_spider] INFO: Requesting URL: https://kbopub.economie.fgov.be/kbopub/toonondernemingps.html?lang=fr&ondernemingsnummer=0200171970
2025-09-04 16:52:06 [kbo_spider] INFO: Requesting URL: https://kbopub.economie.fgov.be/kbopub/toonondernemingps.html?lang=fr&ondernemingsnummer=0200448421
2025-09-04 16:52:06 [kbo_spider] INFO: Requesting URL: https://kbopub.economie.fgov.be/kbopub/toonondernemingps.html?lang=fr&ondernemingsnummer=0200305493
2025-09-04 16:52:06 [kbo_spider] INFO: Requesting URL: https://kbopub.economie.fgov.be/kbopub/toonondernemingps.html?lang=fr&ondernemingsnummer=0200245711
2025-09-04 16:52:06 [kbo_spider] INFO: Requesting URL: https://kbopub.economie.fgov.be/kbopub/toonondernemingps.html?lang=fr&ondernemingsnummer=0200362408
2025-09-04 16:52:06 [scrapy.core.engine] INFO: Closing spider (finished)
2025-09-04 16:52:06 [scrapy.statscollectors] INFO: Dumping Scrapy stats:
{'downloader/request_bytes': 9779,
 'downloader/request_count': 12,
 'downloader/request_method_count/GET': 12,
 'downloader/response_bytes': 197604,
 'downloader/response_count': 12,
 'downloader/response_status_count/200': 12,
 'elapsed_time_seconds': 0.274126,
 'finish_reason': 'finished',
 'finish_time': datetime.datetime(2025, 9, 4, 14, 52, 6, 978557, tzinfo=datetime.timezone.utc),
 'httpcache/hit': 12,
 'httpcompression/response_bytes': 23250,
 'httpcompression/response_count': 2,
 'item_scraped_count': 12,
 'log_count/INFO': 20,
 'log_count/WARNING': 1,
 'request_depth_max': 1,
 'response_received_count': 12,
 'scheduler/dequeued': 12,
 'scheduler/dequeued/memory': 12,
 'scheduler/enqueued': 12,
 'scheduler/enqueued/memory': 12,
 'start_time': datetime.datetime(2025, 9, 4, 14, 52, 6, 704431, tzinfo=datetime.timezone.utc)}
2025-09-04 16:52:06 [scrapy.core.engine] INFO: Spider closed (finished)
2025-09-04 16:52:53 [scrapy.utils.log] INFO: Scrapy 2.11.1 started (bot: kbo_scraper)
2025-09-04 16:52:53 [scrapy.utils.log] INFO: Versions: lxml 5.2.1.0, libxml2 2.10.4, cssselect 1.2.0, parsel 1.8.1, w3lib 2.1.2, Twisted 23.10.0, Python 3.12.4 | packaged by Anaconda, Inc. | (main, Jun 18 2024, 15:03:56) [MSC v.1929 64 bit (AMD64)], pyOpenSSL 24.0.0 (OpenSSL 3.0.15 3 Sep 2024), cryptography 42.0.5, Platform Windows-11-10.0.26100-SP0
2025-09-04 16:52:53 [scrapy.addons] INFO: Enabled addons:
[]
2025-09-04 16:52:53 [py.warnings] WARNING: C:\Users\Quentin\anaconda3\Lib\site-packages\scrapy\utils\request.py:254: ScrapyDeprecationWarning: '2.6' is a deprecated value for the 'REQUEST_FINGERPRINTER_IMPLEMENTATION' setting.

It is also the default value. In other words, it is normal to get this warning if you have not defined a value for the 'REQUEST_FINGERPRINTER_IMPLEMENTATION' setting. This is so for backward compatibility reasons, but it will change in a future version of Scrapy.

See the documentation of the 'REQUEST_FINGERPRINTER_IMPLEMENTATION' setting for information on how to handle this deprecation.
  return cls(crawler)

2025-09-04 16:52:53 [scrapy.extensions.telnet] INFO: Telnet Password: 22b70e96028400c6
2025-09-04 16:52:53 [scrapy.middleware] INFO: Enabled extensions:
['scrapy.extensions.corestats.CoreStats',
 'scrapy.extensions.telnet.TelnetConsole',
 'scrapy.extensions.logstats.LogStats',
 'scrapy.extensions.throttle.AutoThrottle']
2025-09-04 16:52:53 [scrapy.crawler] INFO: Overridden settings:
{'AUTOTHROTTLE_ENABLED': True,
 'AUTOTHROTTLE_MAX_DELAY': 10,
 'AUTOTHROTTLE_START_DELAY': 1,
 'AUTOTHROTTLE_TARGET_CONCURRENCY': 2.0,
 'BOT_NAME': 'kbo_scraper',
 'DOWNLOAD_DELAY': 2,
 'HTTPCACHE_ENABLED': True,
 'HTTPCACHE_EXPIRATION_SECS': 3600,
 'LOG_FILE': 'scrapy.log',
 'LOG_LEVEL': 'INFO',
 'NEWSPIDER_MODULE': 'kbo_scraper.spiders',
 'RANDOMIZE_DOWNLOAD_DELAY': 0.5,
 'SPIDER_MODULES': ['kbo_scraper.spiders']}
2025-09-04 16:52:53 [scrapy.middleware] INFO: Enabled downloader middlewares:
['scrapy.downloadermiddlewares.httpauth.HttpAuthMiddleware',
 'scrapy.downloadermiddlewares.downloadtimeout.DownloadTimeoutMiddleware',
 'scrapy.downloadermiddlewares.defaultheaders.DefaultHeadersMiddleware',
 'kbo_scraper.middlewares.RotateUserAgentMiddleware',
 'scrapy.downloadermiddlewares.retry.RetryMiddleware',
 'scrapy.downloadermiddlewares.redirect.MetaRefreshMiddleware',
 'scrapy.downloadermiddlewares.httpcompression.HttpCompressionMiddleware',
 'scrapy.downloadermiddlewares.redirect.RedirectMiddleware',
 'scrapy.downloadermiddlewares.cookies.CookiesMiddleware',
 'scrapy.downloadermiddlewares.httpproxy.HttpProxyMiddleware',
 'scrapy.downloadermiddlewares.stats.DownloaderStats',
 'scrapy.downloadermiddlewares.httpcache.HttpCacheMiddleware']
2025-09-04 16:52:53 [scrapy.middleware] INFO: Enabled spider middlewares:
['scrapy.spidermiddlewares.httperror.HttpErrorMiddleware',
 'scrapy.spidermiddlewares.offsite.OffsiteMiddleware',
 'scrapy.spidermiddlewares.referer.RefererMiddleware',
 'scrapy.spidermiddlewares.urllength.UrlLengthMiddleware',
 'scrapy.spidermiddlewares.depth.DepthMiddleware']
2025-09-04 16:52:53 [scrapy.middleware] INFO: Enabled item pipelines:
['kbo_scraper.pipelines.ValidationPipeline',
 'kbo_scraper.pipelines.PublicationDeduplicationPipeline',
 'kbo_scraper.pipelines.MongoPipeline']
2025-09-04 16:52:53 [scrapy.core.engine] INFO: Spider opened
2025-09-04 16:52:53 [scrapy.extensions.logstats] INFO: Crawled 0 pages (at 0 pages/min), scraped 0 items (at 0 items/min)
2025-09-04 16:52:53 [scrapy.extensions.telnet] INFO: Telnet console listening on 127.0.0.1:6023
2025-09-04 16:52:53 [kbo_spider] INFO: Requesting URL: https://kbopub.economie.fgov.be/kbopub/toonondernemingps.html?lang=fr&ondernemingsnummer=0200420608
2025-09-04 16:52:53 [kbo_spider] INFO: Requesting URL: https://kbopub.economie.fgov.be/kbopub/toonondernemingps.html?lang=fr&ondernemingsnummer=0200068636
2025-09-04 16:52:53 [kbo_spider] INFO: Requesting URL: https://kbopub.economie.fgov.be/kbopub/toonondernemingps.html?lang=fr&ondernemingsnummer=0200362210
2025-09-04 16:52:53 [kbo_spider] INFO: Requesting URL: https://kbopub.economie.fgov.be/kbopub/toonondernemingps.html?lang=fr&ondernemingsnummer=0203430576
2025-09-04 16:52:53 [kbo_spider] INFO: Requesting URL: https://kbopub.economie.fgov.be/kbopub/toonondernemingps.html?lang=fr&ondernemingsnummer=0200420410
2025-09-04 16:52:53 [kbo_spider] INFO: Requesting URL: https://kbopub.economie.fgov.be/kbopub/toonondernemingps.html?lang=fr&ondernemingsnummer=0200171970
2025-09-04 16:52:53 [kbo_spider] INFO: Requesting URL: https://kbopub.economie.fgov.be/kbopub/toonondernemingps.html?lang=fr&ondernemingsnummer=0200448421
2025-09-04 16:52:53 [kbo_spider] INFO: Requesting URL: https://kbopub.economie.fgov.be/kbopub/toonondernemingps.html?lang=fr&ondernemingsnummer=0200305493
2025-09-04 16:52:53 [kbo_spider] INFO: Requesting URL: https://kbopub.economie.fgov.be/kbopub/toonondernemingps.html?lang=fr&ondernemingsnummer=0200245711
2025-09-04 16:52:53 [kbo_spider] INFO: Requesting URL: https://kbopub.economie.fgov.be/kbopub/toonondernemingps.html?lang=fr&ondernemingsnummer=0200362408
2025-09-04 16:52:54 [scrapy.core.engine] INFO: Closing spider (finished)
2025-09-04 16:52:54 [scrapy.statscollectors] INFO: Dumping Scrapy stats:
{'downloader/request_bytes': 9663,
 'downloader/request_count': 12,
 'downloader/request_method_count/GET': 12,
 'downloader/response_bytes': 197604,
 'downloader/response_count': 12,
 'downloader/response_status_count/200': 12,
 'elapsed_time_seconds': 0.289124,
 'finish_reason': 'finished',
 'finish_time': datetime.datetime(2025, 9, 4, 14, 52, 54, 88431, tzinfo=datetime.timezone.utc),
 'httpcache/hit': 12,
 'httpcompression/response_bytes': 23250,
 'httpcompression/response_count': 2,
 'item_scraped_count': 10,
 'log_count/INFO': 20,
 'log_count/WARNING': 1,
 'request_depth_max': 1,
 'response_received_count': 12,
 'scheduler/dequeued': 12,
 'scheduler/dequeued/memory': 12,
 'scheduler/enqueued': 12,
 'scheduler/enqueued/memory': 12,
 'start_time': datetime.datetime(2025, 9, 4, 14, 52, 53, 799307, tzinfo=datetime.timezone.utc)}
2025-09-04 16:52:54 [scrapy.core.engine] INFO: Spider closed (finished)
2025-09-04 16:54:26 [scrapy.utils.log] INFO: Scrapy 2.11.1 started (bot: kbo_scraper)
2025-09-04 16:54:26 [scrapy.utils.log] INFO: Versions: lxml 5.2.1.0, libxml2 2.10.4, cssselect 1.2.0, parsel 1.8.1, w3lib 2.1.2, Twisted 23.10.0, Python 3.12.4 | packaged by Anaconda, Inc. | (main, Jun 18 2024, 15:03:56) [MSC v.1929 64 bit (AMD64)], pyOpenSSL 24.0.0 (OpenSSL 3.0.15 3 Sep 2024), cryptography 42.0.5, Platform Windows-11-10.0.26100-SP0
2025-09-04 16:54:26 [scrapy.addons] INFO: Enabled addons:
[]
2025-09-04 16:54:26 [py.warnings] WARNING: C:\Users\Quentin\anaconda3\Lib\site-packages\scrapy\utils\request.py:254: ScrapyDeprecationWarning: '2.6' is a deprecated value for the 'REQUEST_FINGERPRINTER_IMPLEMENTATION' setting.

It is also the default value. In other words, it is normal to get this warning if you have not defined a value for the 'REQUEST_FINGERPRINTER_IMPLEMENTATION' setting. This is so for backward compatibility reasons, but it will change in a future version of Scrapy.

See the documentation of the 'REQUEST_FINGERPRINTER_IMPLEMENTATION' setting for information on how to handle this deprecation.
  return cls(crawler)

2025-09-04 16:54:26 [scrapy.extensions.telnet] INFO: Telnet Password: 5142b4cc66063e32
2025-09-04 16:54:26 [scrapy.middleware] INFO: Enabled extensions:
['scrapy.extensions.corestats.CoreStats',
 'scrapy.extensions.telnet.TelnetConsole',
 'scrapy.extensions.logstats.LogStats',
 'scrapy.extensions.throttle.AutoThrottle']
2025-09-04 16:54:26 [scrapy.crawler] INFO: Overridden settings:
{'AUTOTHROTTLE_ENABLED': True,
 'AUTOTHROTTLE_MAX_DELAY': 10,
 'AUTOTHROTTLE_START_DELAY': 1,
 'AUTOTHROTTLE_TARGET_CONCURRENCY': 2.0,
 'BOT_NAME': 'kbo_scraper',
 'DOWNLOAD_DELAY': 2,
 'HTTPCACHE_ENABLED': True,
 'HTTPCACHE_EXPIRATION_SECS': 3600,
 'LOG_FILE': 'scrapy.log',
 'LOG_LEVEL': 'INFO',
 'NEWSPIDER_MODULE': 'kbo_scraper.spiders',
 'RANDOMIZE_DOWNLOAD_DELAY': 0.5,
 'SPIDER_MODULES': ['kbo_scraper.spiders']}
2025-09-04 16:54:26 [scrapy.middleware] INFO: Enabled downloader middlewares:
['scrapy.downloadermiddlewares.httpauth.HttpAuthMiddleware',
 'scrapy.downloadermiddlewares.downloadtimeout.DownloadTimeoutMiddleware',
 'scrapy.downloadermiddlewares.defaultheaders.DefaultHeadersMiddleware',
 'kbo_scraper.middlewares.RotateUserAgentMiddleware',
 'scrapy.downloadermiddlewares.retry.RetryMiddleware',
 'scrapy.downloadermiddlewares.redirect.MetaRefreshMiddleware',
 'scrapy.downloadermiddlewares.httpcompression.HttpCompressionMiddleware',
 'scrapy.downloadermiddlewares.redirect.RedirectMiddleware',
 'scrapy.downloadermiddlewares.cookies.CookiesMiddleware',
 'scrapy.downloadermiddlewares.httpproxy.HttpProxyMiddleware',
 'scrapy.downloadermiddlewares.stats.DownloaderStats',
 'scrapy.downloadermiddlewares.httpcache.HttpCacheMiddleware']
2025-09-04 16:54:26 [scrapy.middleware] INFO: Enabled spider middlewares:
['scrapy.spidermiddlewares.httperror.HttpErrorMiddleware',
 'scrapy.spidermiddlewares.offsite.OffsiteMiddleware',
 'scrapy.spidermiddlewares.referer.RefererMiddleware',
 'scrapy.spidermiddlewares.urllength.UrlLengthMiddleware',
 'scrapy.spidermiddlewares.depth.DepthMiddleware']
2025-09-04 16:54:26 [scrapy.middleware] INFO: Enabled item pipelines:
['kbo_scraper.pipelines.ValidationPipeline',
 'kbo_scraper.pipelines.PublicationDeduplicationPipeline',
 'kbo_scraper.pipelines.MongoPipeline']
2025-09-04 16:54:26 [scrapy.core.engine] INFO: Spider opened
2025-09-04 16:54:26 [scrapy.extensions.logstats] INFO: Crawled 0 pages (at 0 pages/min), scraped 0 items (at 0 items/min)
2025-09-04 16:54:26 [scrapy.extensions.telnet] INFO: Telnet console listening on 127.0.0.1:6023
2025-09-04 16:54:26 [kbo_spider] INFO: Requesting URL: https://kbopub.economie.fgov.be/kbopub/toonondernemingps.html?lang=fr&ondernemingsnummer=0200420608
2025-09-04 16:54:26 [kbo_spider] INFO: Requesting URL: https://kbopub.economie.fgov.be/kbopub/toonondernemingps.html?lang=fr&ondernemingsnummer=0200068636
2025-09-04 16:54:26 [kbo_spider] INFO: Requesting URL: https://kbopub.economie.fgov.be/kbopub/toonondernemingps.html?lang=fr&ondernemingsnummer=0200362210
2025-09-04 16:54:26 [kbo_spider] INFO: Requesting URL: https://kbopub.economie.fgov.be/kbopub/toonondernemingps.html?lang=fr&ondernemingsnummer=0203430576
2025-09-04 16:54:26 [kbo_spider] INFO: Requesting URL: https://kbopub.economie.fgov.be/kbopub/toonondernemingps.html?lang=fr&ondernemingsnummer=0200420410
2025-09-04 16:54:26 [kbo_spider] INFO: Requesting URL: https://kbopub.economie.fgov.be/kbopub/toonondernemingps.html?lang=fr&ondernemingsnummer=0200171970
2025-09-04 16:54:26 [kbo_spider] INFO: Requesting URL: https://kbopub.economie.fgov.be/kbopub/toonondernemingps.html?lang=fr&ondernemingsnummer=0200448421
2025-09-04 16:54:26 [kbo_spider] INFO: Requesting URL: https://kbopub.economie.fgov.be/kbopub/toonondernemingps.html?lang=fr&ondernemingsnummer=0200305493
2025-09-04 16:54:26 [kbo_spider] INFO: Requesting URL: https://kbopub.economie.fgov.be/kbopub/toonondernemingps.html?lang=fr&ondernemingsnummer=0200245711
2025-09-04 16:54:26 [kbo_spider] INFO: Requesting URL: https://kbopub.economie.fgov.be/kbopub/toonondernemingps.html?lang=fr&ondernemingsnummer=0200362408
2025-09-04 16:54:27 [scrapy.core.engine] INFO: Closing spider (finished)
2025-09-04 16:54:27 [scrapy.statscollectors] INFO: Dumping Scrapy stats:
{'downloader/request_bytes': 8777,
 'downloader/request_count': 10,
 'downloader/request_method_count/GET': 10,
 'downloader/response_bytes': 190826,
 'downloader/response_count': 10,
 'downloader/response_status_count/200': 10,
 'elapsed_time_seconds': 0.217301,
 'finish_reason': 'finished',
 'finish_time': datetime.datetime(2025, 9, 4, 14, 54, 27, 144354, tzinfo=datetime.timezone.utc),
 'httpcache/hit': 10,
 'item_scraped_count': 10,
 'log_count/INFO': 20,
 'log_count/WARNING': 1,
 'response_received_count': 10,
 'scheduler/dequeued': 10,
 'scheduler/dequeued/memory': 10,
 'scheduler/enqueued': 10,
 'scheduler/enqueued/memory': 10,
 'start_time': datetime.datetime(2025, 9, 4, 14, 54, 26, 927053, tzinfo=datetime.timezone.utc)}
2025-09-04 16:54:27 [scrapy.core.engine] INFO: Spider closed (finished)
2025-09-04 17:16:01 [scrapy.utils.log] INFO: Scrapy 2.11.1 started (bot: kbo_scraper)
2025-09-04 17:16:01 [scrapy.utils.log] INFO: Versions: lxml 5.2.1.0, libxml2 2.10.4, cssselect 1.2.0, parsel 1.8.1, w3lib 2.1.2, Twisted 23.10.0, Python 3.12.4 | packaged by Anaconda, Inc. | (main, Jun 18 2024, 15:03:56) [MSC v.1929 64 bit (AMD64)], pyOpenSSL 24.0.0 (OpenSSL 3.0.15 3 Sep 2024), cryptography 42.0.5, Platform Windows-11-10.0.26100-SP0
2025-09-04 17:16:01 [scrapy.addons] INFO: Enabled addons:
[]
2025-09-04 17:16:01 [py.warnings] WARNING: C:\Users\Quentin\anaconda3\Lib\site-packages\scrapy\utils\request.py:254: ScrapyDeprecationWarning: '2.6' is a deprecated value for the 'REQUEST_FINGERPRINTER_IMPLEMENTATION' setting.

It is also the default value. In other words, it is normal to get this warning if you have not defined a value for the 'REQUEST_FINGERPRINTER_IMPLEMENTATION' setting. This is so for backward compatibility reasons, but it will change in a future version of Scrapy.

See the documentation of the 'REQUEST_FINGERPRINTER_IMPLEMENTATION' setting for information on how to handle this deprecation.
  return cls(crawler)

2025-09-04 17:16:01 [scrapy.extensions.telnet] INFO: Telnet Password: 5c6113420759eb20
2025-09-04 17:16:01 [scrapy.middleware] INFO: Enabled extensions:
['scrapy.extensions.corestats.CoreStats',
 'scrapy.extensions.telnet.TelnetConsole',
 'scrapy.extensions.logstats.LogStats',
 'scrapy.extensions.throttle.AutoThrottle']
2025-09-04 17:16:01 [scrapy.crawler] INFO: Overridden settings:
{'AUTOTHROTTLE_ENABLED': True,
 'AUTOTHROTTLE_MAX_DELAY': 10,
 'AUTOTHROTTLE_START_DELAY': 1,
 'AUTOTHROTTLE_TARGET_CONCURRENCY': 2.0,
 'BOT_NAME': 'kbo_scraper',
 'DOWNLOAD_DELAY': 2,
 'HTTPCACHE_ENABLED': True,
 'HTTPCACHE_EXPIRATION_SECS': 3600,
 'LOG_FILE': 'scrapy.log',
 'LOG_LEVEL': 'INFO',
 'NEWSPIDER_MODULE': 'kbo_scraper.spiders',
 'RANDOMIZE_DOWNLOAD_DELAY': 0.5,
 'SPIDER_MODULES': ['kbo_scraper.spiders']}
2025-09-04 17:16:01 [scrapy.middleware] INFO: Enabled downloader middlewares:
['scrapy.downloadermiddlewares.httpauth.HttpAuthMiddleware',
 'scrapy.downloadermiddlewares.downloadtimeout.DownloadTimeoutMiddleware',
 'scrapy.downloadermiddlewares.defaultheaders.DefaultHeadersMiddleware',
 'kbo_scraper.middlewares.RotateUserAgentMiddleware',
 'scrapy.downloadermiddlewares.retry.RetryMiddleware',
 'scrapy.downloadermiddlewares.redirect.MetaRefreshMiddleware',
 'scrapy.downloadermiddlewares.httpcompression.HttpCompressionMiddleware',
 'scrapy.downloadermiddlewares.redirect.RedirectMiddleware',
 'scrapy.downloadermiddlewares.cookies.CookiesMiddleware',
 'scrapy.downloadermiddlewares.httpproxy.HttpProxyMiddleware',
 'scrapy.downloadermiddlewares.stats.DownloaderStats',
 'scrapy.downloadermiddlewares.httpcache.HttpCacheMiddleware']
2025-09-04 17:16:01 [scrapy.middleware] INFO: Enabled spider middlewares:
['scrapy.spidermiddlewares.httperror.HttpErrorMiddleware',
 'scrapy.spidermiddlewares.offsite.OffsiteMiddleware',
 'scrapy.spidermiddlewares.referer.RefererMiddleware',
 'scrapy.spidermiddlewares.urllength.UrlLengthMiddleware',
 'scrapy.spidermiddlewares.depth.DepthMiddleware']
2025-09-04 17:16:01 [scrapy.middleware] INFO: Enabled item pipelines:
['kbo_scraper.pipelines.ValidationPipeline',
 'kbo_scraper.pipelines.PublicationDeduplicationPipeline',
 'kbo_scraper.pipelines.MongoPipeline']
2025-09-04 17:16:01 [scrapy.core.engine] INFO: Spider opened
2025-09-04 17:16:01 [scrapy.extensions.logstats] INFO: Crawled 0 pages (at 0 pages/min), scraped 0 items (at 0 items/min)
2025-09-04 17:16:01 [scrapy.extensions.telnet] INFO: Telnet console listening on 127.0.0.1:6023
2025-09-04 17:16:01 [kbo_spider] INFO: Requesting URL: https://kbopub.economie.fgov.be/kbopub/toonondernemingps.html?lang=fr&ondernemingsnummer=0203430576
2025-09-04 17:16:01 [kbo_spider] INFO: Requesting URL: https://kbopub.economie.fgov.be/kbopub/toonondernemingps.html?lang=fr&ondernemingsnummer=0200068636
2025-09-04 17:16:01 [kbo_spider] INFO: Requesting URL: https://kbopub.economie.fgov.be/kbopub/toonondernemingps.html?lang=fr&ondernemingsnummer=0200171970
2025-09-04 17:16:01 [kbo_spider] INFO: Requesting URL: https://kbopub.economie.fgov.be/kbopub/toonondernemingps.html?lang=fr&ondernemingsnummer=0200245711
2025-09-04 17:16:01 [kbo_spider] INFO: Requesting URL: https://kbopub.economie.fgov.be/kbopub/toonondernemingps.html?lang=fr&ondernemingsnummer=0200305493
2025-09-04 17:16:01 [kbo_spider] INFO: Requesting URL: https://kbopub.economie.fgov.be/kbopub/toonondernemingps.html?lang=fr&ondernemingsnummer=0200362210
2025-09-04 17:16:01 [kbo_spider] INFO: Requesting URL: https://kbopub.economie.fgov.be/kbopub/toonondernemingps.html?lang=fr&ondernemingsnummer=0200362408
2025-09-04 17:16:01 [kbo_spider] INFO: Requesting URL: https://kbopub.economie.fgov.be/kbopub/toonondernemingps.html?lang=fr&ondernemingsnummer=0200420410
2025-09-04 17:16:01 [kbo_spider] INFO: Requesting URL: https://kbopub.economie.fgov.be/kbopub/toonondernemingps.html?lang=fr&ondernemingsnummer=0200420608
2025-09-04 17:16:01 [kbo_spider] INFO: Requesting URL: https://kbopub.economie.fgov.be/kbopub/toonondernemingps.html?lang=fr&ondernemingsnummer=0200448421
2025-09-04 17:16:16 [scrapy.crawler] INFO: Received SIGINT, shutting down gracefully. Send again to force 
2025-09-04 17:16:16 [scrapy.core.engine] INFO: Closing spider (shutdown)
2025-09-04 17:16:16 [scrapy.crawler] INFO: Received SIGINT twice, forcing unclean shutdown
2025-09-04 17:16:28 [scrapy.utils.log] INFO: Scrapy 2.11.1 started (bot: kbo_scraper)
2025-09-04 17:16:28 [scrapy.utils.log] INFO: Versions: lxml 5.2.1.0, libxml2 2.10.4, cssselect 1.2.0, parsel 1.8.1, w3lib 2.1.2, Twisted 23.10.0, Python 3.12.4 | packaged by Anaconda, Inc. | (main, Jun 18 2024, 15:03:56) [MSC v.1929 64 bit (AMD64)], pyOpenSSL 24.0.0 (OpenSSL 3.0.15 3 Sep 2024), cryptography 42.0.5, Platform Windows-11-10.0.26100-SP0
2025-09-04 17:16:28 [scrapy.addons] INFO: Enabled addons:
[]
2025-09-04 17:16:28 [py.warnings] WARNING: C:\Users\Quentin\anaconda3\Lib\site-packages\scrapy\utils\request.py:254: ScrapyDeprecationWarning: '2.6' is a deprecated value for the 'REQUEST_FINGERPRINTER_IMPLEMENTATION' setting.

It is also the default value. In other words, it is normal to get this warning if you have not defined a value for the 'REQUEST_FINGERPRINTER_IMPLEMENTATION' setting. This is so for backward compatibility reasons, but it will change in a future version of Scrapy.

See the documentation of the 'REQUEST_FINGERPRINTER_IMPLEMENTATION' setting for information on how to handle this deprecation.
  return cls(crawler)

2025-09-04 17:16:28 [scrapy.extensions.telnet] INFO: Telnet Password: b5c471b08244f914
2025-09-04 17:16:28 [scrapy.middleware] INFO: Enabled extensions:
['scrapy.extensions.corestats.CoreStats',
 'scrapy.extensions.telnet.TelnetConsole',
 'scrapy.extensions.closespider.CloseSpider',
 'scrapy.extensions.logstats.LogStats',
 'scrapy.extensions.throttle.AutoThrottle']
2025-09-04 17:16:28 [scrapy.crawler] INFO: Overridden settings:
{'AUTOTHROTTLE_ENABLED': True,
 'AUTOTHROTTLE_MAX_DELAY': 10,
 'AUTOTHROTTLE_START_DELAY': 1,
 'AUTOTHROTTLE_TARGET_CONCURRENCY': 2.0,
 'BOT_NAME': 'kbo_scraper',
 'CLOSESPIDER_ITEMCOUNT': '5',
 'DOWNLOAD_DELAY': 2,
 'HTTPCACHE_ENABLED': True,
 'HTTPCACHE_EXPIRATION_SECS': 3600,
 'LOG_FILE': 'scrapy.log',
 'LOG_LEVEL': 'INFO',
 'NEWSPIDER_MODULE': 'kbo_scraper.spiders',
 'RANDOMIZE_DOWNLOAD_DELAY': 0.5,
 'SPIDER_MODULES': ['kbo_scraper.spiders']}
2025-09-04 17:16:28 [scrapy.middleware] INFO: Enabled downloader middlewares:
['scrapy.downloadermiddlewares.httpauth.HttpAuthMiddleware',
 'scrapy.downloadermiddlewares.downloadtimeout.DownloadTimeoutMiddleware',
 'scrapy.downloadermiddlewares.defaultheaders.DefaultHeadersMiddleware',
 'kbo_scraper.middlewares.RotateUserAgentMiddleware',
 'scrapy.downloadermiddlewares.retry.RetryMiddleware',
 'scrapy.downloadermiddlewares.redirect.MetaRefreshMiddleware',
 'scrapy.downloadermiddlewares.httpcompression.HttpCompressionMiddleware',
 'scrapy.downloadermiddlewares.redirect.RedirectMiddleware',
 'scrapy.downloadermiddlewares.cookies.CookiesMiddleware',
 'scrapy.downloadermiddlewares.httpproxy.HttpProxyMiddleware',
 'scrapy.downloadermiddlewares.stats.DownloaderStats',
 'scrapy.downloadermiddlewares.httpcache.HttpCacheMiddleware']
2025-09-04 17:16:28 [scrapy.middleware] INFO: Enabled spider middlewares:
['scrapy.spidermiddlewares.httperror.HttpErrorMiddleware',
 'scrapy.spidermiddlewares.offsite.OffsiteMiddleware',
 'scrapy.spidermiddlewares.referer.RefererMiddleware',
 'scrapy.spidermiddlewares.urllength.UrlLengthMiddleware',
 'scrapy.spidermiddlewares.depth.DepthMiddleware']
2025-09-04 17:16:28 [scrapy.middleware] INFO: Enabled item pipelines:
['kbo_scraper.pipelines.ValidationPipeline',
 'kbo_scraper.pipelines.PublicationDeduplicationPipeline',
 'kbo_scraper.pipelines.MongoPipeline']
2025-09-04 17:16:28 [scrapy.core.engine] INFO: Spider opened
2025-09-04 17:16:28 [scrapy.extensions.logstats] INFO: Crawled 0 pages (at 0 pages/min), scraped 0 items (at 0 items/min)
2025-09-04 17:16:28 [scrapy.extensions.telnet] INFO: Telnet console listening on 127.0.0.1:6023
2025-09-04 17:16:28 [kbo_spider] INFO: Requesting URL: https://kbopub.economie.fgov.be/kbopub/toonondernemingps.html?lang=fr&ondernemingsnummer=0200420608
2025-09-04 17:16:28 [kbo_spider] INFO: Requesting URL: https://kbopub.economie.fgov.be/kbopub/toonondernemingps.html?lang=fr&ondernemingsnummer=0200068636
2025-09-04 17:16:28 [kbo_spider] INFO: Requesting URL: https://kbopub.economie.fgov.be/kbopub/toonondernemingps.html?lang=fr&ondernemingsnummer=0200362210
2025-09-04 17:16:28 [kbo_spider] INFO: Requesting URL: https://kbopub.economie.fgov.be/kbopub/toonondernemingps.html?lang=fr&ondernemingsnummer=0203430576
2025-09-04 17:16:28 [kbo_spider] INFO: Requesting URL: https://kbopub.economie.fgov.be/kbopub/toonondernemingps.html?lang=fr&ondernemingsnummer=0200420410
2025-09-04 17:16:28 [kbo_spider] INFO: Requesting URL: https://kbopub.economie.fgov.be/kbopub/toonondernemingps.html?lang=fr&ondernemingsnummer=0200171970
2025-09-04 17:16:28 [kbo_spider] INFO: Requesting URL: https://kbopub.economie.fgov.be/kbopub/toonondernemingps.html?lang=fr&ondernemingsnummer=0200448421
2025-09-04 17:16:28 [kbo_spider] INFO: Requesting URL: https://kbopub.economie.fgov.be/kbopub/toonondernemingps.html?lang=fr&ondernemingsnummer=0200305493
2025-09-04 17:16:28 [kbo_spider] INFO: Requesting URL: https://kbopub.economie.fgov.be/kbopub/toonondernemingps.html?lang=fr&ondernemingsnummer=0200245711
2025-09-04 17:16:28 [kbo_spider] INFO: Requesting URL: https://kbopub.economie.fgov.be/kbopub/toonondernemingps.html?lang=fr&ondernemingsnummer=0200362408
2025-09-04 17:16:29 [scrapy.core.engine] INFO: Closing spider (closespider_itemcount)
2025-09-04 17:16:31 [scrapy.statscollectors] INFO: Dumping Scrapy stats:
{'downloader/request_bytes': 8276,
 'downloader/request_count': 10,
 'downloader/request_method_count/GET': 10,
 'downloader/response_bytes': 190825,
 'downloader/response_count': 10,
 'downloader/response_status_count/200': 10,
 'elapsed_time_seconds': 2.209775,
 'finish_reason': 'closespider_itemcount',
 'finish_time': datetime.datetime(2025, 9, 4, 15, 16, 31, 110572, tzinfo=datetime.timezone.utc),
 'httpcache/firsthand': 2,
 'httpcache/hit': 8,
 'httpcache/miss': 2,
 'httpcache/store': 2,
 'item_scraped_count': 10,
 'log_count/INFO': 20,
 'log_count/WARNING': 1,
 'response_received_count': 10,
 'scheduler/dequeued': 10,
 'scheduler/dequeued/memory': 10,
 'scheduler/enqueued': 10,
 'scheduler/enqueued/memory': 10,
 'start_time': datetime.datetime(2025, 9, 4, 15, 16, 28, 900797, tzinfo=datetime.timezone.utc)}
2025-09-04 17:16:31 [scrapy.core.engine] INFO: Spider closed (closespider_itemcount)
2025-09-04 17:16:37 [scrapy.utils.log] INFO: Scrapy 2.11.1 started (bot: kbo_scraper)
2025-09-04 17:16:38 [scrapy.utils.log] INFO: Versions: lxml 5.2.1.0, libxml2 2.10.4, cssselect 1.2.0, parsel 1.8.1, w3lib 2.1.2, Twisted 23.10.0, Python 3.12.4 | packaged by Anaconda, Inc. | (main, Jun 18 2024, 15:03:56) [MSC v.1929 64 bit (AMD64)], pyOpenSSL 24.0.0 (OpenSSL 3.0.15 3 Sep 2024), cryptography 42.0.5, Platform Windows-11-10.0.26100-SP0
2025-09-04 17:16:38 [scrapy.addons] INFO: Enabled addons:
[]
2025-09-04 17:16:38 [py.warnings] WARNING: C:\Users\Quentin\anaconda3\Lib\site-packages\scrapy\utils\request.py:254: ScrapyDeprecationWarning: '2.6' is a deprecated value for the 'REQUEST_FINGERPRINTER_IMPLEMENTATION' setting.

It is also the default value. In other words, it is normal to get this warning if you have not defined a value for the 'REQUEST_FINGERPRINTER_IMPLEMENTATION' setting. This is so for backward compatibility reasons, but it will change in a future version of Scrapy.

See the documentation of the 'REQUEST_FINGERPRINTER_IMPLEMENTATION' setting for information on how to handle this deprecation.
  return cls(crawler)

2025-09-04 17:16:38 [scrapy.extensions.telnet] INFO: Telnet Password: a59787021ff6b7ac
2025-09-04 17:16:38 [scrapy.middleware] INFO: Enabled extensions:
['scrapy.extensions.corestats.CoreStats',
 'scrapy.extensions.telnet.TelnetConsole',
 'scrapy.extensions.closespider.CloseSpider',
 'scrapy.extensions.logstats.LogStats',
 'scrapy.extensions.throttle.AutoThrottle']
2025-09-04 17:16:38 [scrapy.crawler] INFO: Overridden settings:
{'AUTOTHROTTLE_ENABLED': True,
 'AUTOTHROTTLE_MAX_DELAY': 10,
 'AUTOTHROTTLE_START_DELAY': 1,
 'AUTOTHROTTLE_TARGET_CONCURRENCY': 2.0,
 'BOT_NAME': 'kbo_scraper',
 'CLOSESPIDER_ITEMCOUNT': '5',
 'CONCURRENT_REQUESTS': 1,
 'DOWNLOAD_DELAY': 2.0,
 'FEED_EXPORT_ENCODING': 'utf-8',
 'HTTPCACHE_ENABLED': True,
 'HTTPCACHE_EXPIRATION_SECS': 3600,
 'LOG_FILE': 'scrapy.log',
 'LOG_LEVEL': 'INFO',
 'NEWSPIDER_MODULE': 'kbo_scraper.spiders',
 'SPIDER_MODULES': ['kbo_scraper.spiders']}
2025-09-04 17:16:38 [scrapy.middleware] INFO: Enabled downloader middlewares:
['scrapy.downloadermiddlewares.httpauth.HttpAuthMiddleware',
 'scrapy.downloadermiddlewares.downloadtimeout.DownloadTimeoutMiddleware',
 'scrapy.downloadermiddlewares.defaultheaders.DefaultHeadersMiddleware',
 'kbo_scraper.middlewares.RotateUserAgentMiddleware',
 'scrapy.downloadermiddlewares.retry.RetryMiddleware',
 'scrapy.downloadermiddlewares.redirect.MetaRefreshMiddleware',
 'scrapy.downloadermiddlewares.httpcompression.HttpCompressionMiddleware',
 'scrapy.downloadermiddlewares.redirect.RedirectMiddleware',
 'scrapy.downloadermiddlewares.cookies.CookiesMiddleware',
 'scrapy.downloadermiddlewares.httpproxy.HttpProxyMiddleware',
 'scrapy.downloadermiddlewares.stats.DownloaderStats',
 'scrapy.downloadermiddlewares.httpcache.HttpCacheMiddleware']
2025-09-04 17:16:38 [scrapy.middleware] INFO: Enabled spider middlewares:
['scrapy.spidermiddlewares.httperror.HttpErrorMiddleware',
 'scrapy.spidermiddlewares.offsite.OffsiteMiddleware',
 'scrapy.spidermiddlewares.referer.RefererMiddleware',
 'scrapy.spidermiddlewares.urllength.UrlLengthMiddleware',
 'scrapy.spidermiddlewares.depth.DepthMiddleware']
2025-09-04 17:16:38 [scrapy.middleware] INFO: Enabled item pipelines:
['kbo_scraper.pipelines.ValidationPipeline',
 'kbo_scraper.pipelines.PublicationDeduplicationPipeline',
 'kbo_scraper.pipelines.MongoPipeline']
2025-09-04 17:16:38 [scrapy.core.engine] INFO: Spider opened
2025-09-04 17:16:38 [scrapy.extensions.logstats] INFO: Crawled 0 pages (at 0 pages/min), scraped 0 items (at 0 items/min)
2025-09-04 17:16:38 [scrapy.extensions.telnet] INFO: Telnet console listening on 127.0.0.1:6023
2025-09-04 17:16:43 [ejustice_spider] INFO: Publications sauvegardées pour 0200.068.636: 162
2025-09-04 17:16:45 [ejustice_spider] INFO: Publication dupliquée ignorée: ('0200.362.210', '0228', '1983-01-01', 'DIVERS')
2025-09-04 17:16:45 [ejustice_spider] INFO: Publications sauvegardées pour 0200.362.210: 115
2025-09-04 17:16:50 [ejustice_spider] INFO: Page vide détectée -> fin pagination pour 0200.420.410
2025-09-04 17:16:55 [ejustice_spider] INFO: Publications sauvegardées pour 0200.305.493: 68
2025-09-04 17:17:00 [ejustice_spider] INFO: Publication dupliquée ignorée: ('0200.171.970', '2024205135', '2024-10-14', '2024-10-14 / 2024205135')
2025-09-04 17:17:00 [ejustice_spider] INFO: Publication dupliquée ignorée: ('0200.171.970', '2024205135', '2024-10-14', '2024-10-14 / 2024205135')
2025-09-04 17:17:00 [ejustice_spider] INFO: Publications sauvegardées pour 0200.171.970: 1
2025-09-04 17:17:02 [ejustice_spider] INFO: Publication dupliquée ignorée: ('0203.430.576', 'SSF', None, 'ME. - COMPTES CONSOLIDES 31.12.91 -   92146-1472-0')
2025-09-04 17:17:02 [ejustice_spider] INFO: Publications sauvegardées pour 0203.430.576: 361
2025-09-04 17:17:02 [scrapy.core.engine] INFO: Closing spider (closespider_itemcount)
2025-09-04 17:17:04 [ejustice_spider] INFO: Publications sauvegardées pour 0200.245.711: 1
2025-09-04 17:17:04 [scrapy.statscollectors] INFO: Dumping Scrapy stats:
{'downloader/request_bytes': 4956,
 'downloader/request_count': 12,
 'downloader/request_method_count/GET': 12,
 'downloader/response_bytes': 647442,
 'downloader/response_count': 12,
 'downloader/response_status_count/200': 12,
 'elapsed_time_seconds': 26.603943,
 'finish_reason': 'closespider_itemcount',
 'finish_time': datetime.datetime(2025, 9, 4, 15, 17, 4, 941032, tzinfo=datetime.timezone.utc),
 'httpcache/firsthand': 12,
 'httpcache/miss': 12,
 'httpcache/store': 12,
 'item_scraped_count': 6,
 'log_count/INFO': 21,
 'log_count/WARNING': 1,
 'request_depth_max': 3,
 'response_received_count': 12,
 'scheduler/dequeued': 12,
 'scheduler/dequeued/memory': 12,
 'scheduler/enqueued': 12,
 'scheduler/enqueued/memory': 12,
 'start_time': datetime.datetime(2025, 9, 4, 15, 16, 38, 337089, tzinfo=datetime.timezone.utc)}
2025-09-04 17:17:04 [scrapy.core.engine] INFO: Spider closed (closespider_itemcount)
2025-09-04 17:24:14 [scrapy.utils.log] INFO: Scrapy 2.11.1 started (bot: kbo_scraper)
2025-09-04 17:24:14 [scrapy.utils.log] INFO: Versions: lxml 5.2.1.0, libxml2 2.10.4, cssselect 1.2.0, parsel 1.8.1, w3lib 2.1.2, Twisted 23.10.0, Python 3.12.4 | packaged by Anaconda, Inc. | (main, Jun 18 2024, 15:03:56) [MSC v.1929 64 bit (AMD64)], pyOpenSSL 24.0.0 (OpenSSL 3.0.15 3 Sep 2024), cryptography 42.0.5, Platform Windows-11-10.0.26100-SP0
2025-09-04 17:24:14 [scrapy.addons] INFO: Enabled addons:
[]
2025-09-04 17:24:14 [py.warnings] WARNING: C:\Users\Quentin\anaconda3\Lib\site-packages\scrapy\utils\request.py:254: ScrapyDeprecationWarning: '2.6' is a deprecated value for the 'REQUEST_FINGERPRINTER_IMPLEMENTATION' setting.

It is also the default value. In other words, it is normal to get this warning if you have not defined a value for the 'REQUEST_FINGERPRINTER_IMPLEMENTATION' setting. This is so for backward compatibility reasons, but it will change in a future version of Scrapy.

See the documentation of the 'REQUEST_FINGERPRINTER_IMPLEMENTATION' setting for information on how to handle this deprecation.
  return cls(crawler)

2025-09-04 17:24:14 [scrapy.extensions.telnet] INFO: Telnet Password: 727f58088869f1e6
2025-09-04 17:24:14 [scrapy.middleware] INFO: Enabled extensions:
['scrapy.extensions.corestats.CoreStats',
 'scrapy.extensions.telnet.TelnetConsole',
 'scrapy.extensions.closespider.CloseSpider',
 'scrapy.extensions.logstats.LogStats',
 'scrapy.extensions.throttle.AutoThrottle']
2025-09-04 17:24:14 [scrapy.crawler] INFO: Overridden settings:
{'AUTOTHROTTLE_ENABLED': True,
 'AUTOTHROTTLE_MAX_DELAY': 10,
 'AUTOTHROTTLE_START_DELAY': 1,
 'AUTOTHROTTLE_TARGET_CONCURRENCY': 2.0,
 'BOT_NAME': 'kbo_scraper',
 'CLOSESPIDER_ITEMCOUNT': '5',
 'DOWNLOAD_DELAY': 2,
 'HTTPCACHE_ENABLED': True,
 'HTTPCACHE_EXPIRATION_SECS': 3600,
 'LOG_FILE': 'scrapy.log',
 'LOG_LEVEL': 'INFO',
 'NEWSPIDER_MODULE': 'kbo_scraper.spiders',
 'RANDOMIZE_DOWNLOAD_DELAY': 0.5,
 'SPIDER_MODULES': ['kbo_scraper.spiders']}
2025-09-04 17:24:14 [scrapy.middleware] INFO: Enabled downloader middlewares:
['scrapy.downloadermiddlewares.httpauth.HttpAuthMiddleware',
 'scrapy.downloadermiddlewares.downloadtimeout.DownloadTimeoutMiddleware',
 'scrapy.downloadermiddlewares.defaultheaders.DefaultHeadersMiddleware',
 'kbo_scraper.middlewares.RotateUserAgentMiddleware',
 'scrapy.downloadermiddlewares.retry.RetryMiddleware',
 'scrapy.downloadermiddlewares.redirect.MetaRefreshMiddleware',
 'scrapy.downloadermiddlewares.httpcompression.HttpCompressionMiddleware',
 'scrapy.downloadermiddlewares.redirect.RedirectMiddleware',
 'scrapy.downloadermiddlewares.cookies.CookiesMiddleware',
 'scrapy.downloadermiddlewares.httpproxy.HttpProxyMiddleware',
 'scrapy.downloadermiddlewares.stats.DownloaderStats',
 'scrapy.downloadermiddlewares.httpcache.HttpCacheMiddleware']
2025-09-04 17:24:14 [scrapy.middleware] INFO: Enabled spider middlewares:
['scrapy.spidermiddlewares.httperror.HttpErrorMiddleware',
 'scrapy.spidermiddlewares.offsite.OffsiteMiddleware',
 'scrapy.spidermiddlewares.referer.RefererMiddleware',
 'scrapy.spidermiddlewares.urllength.UrlLengthMiddleware',
 'scrapy.spidermiddlewares.depth.DepthMiddleware']
2025-09-04 17:24:14 [scrapy.middleware] INFO: Enabled item pipelines:
['kbo_scraper.pipelines.ValidationPipeline',
 'kbo_scraper.pipelines.PublicationDeduplicationPipeline',
 'kbo_scraper.pipelines.MongoPipeline']
2025-09-04 17:24:14 [scrapy.core.engine] INFO: Spider opened
2025-09-04 17:24:14 [scrapy.extensions.logstats] INFO: Crawled 0 pages (at 0 pages/min), scraped 0 items (at 0 items/min)
2025-09-04 17:24:14 [scrapy.extensions.telnet] INFO: Telnet console listening on 127.0.0.1:6023
2025-09-04 17:24:15 [kbo_spider] INFO: Requesting URL: https://kbopub.economie.fgov.be/kbopub/toonondernemingps.html?lang=fr&ondernemingsnummer=0459238283
2025-09-04 17:24:15 [kbo_spider] INFO: Requesting URL: https://kbopub.economie.fgov.be/kbopub/toonondernemingps.html?lang=fr&ondernemingsnummer=1003128567
2025-09-04 17:24:15 [kbo_spider] INFO: Requesting URL: https://kbopub.economie.fgov.be/kbopub/toonondernemingps.html?lang=fr&ondernemingsnummer=0827799087
2025-09-04 17:24:15 [kbo_spider] INFO: Requesting URL: https://kbopub.economie.fgov.be/kbopub/toonondernemingps.html?lang=fr&ondernemingsnummer=0749888984
2025-09-04 17:24:15 [kbo_spider] INFO: Requesting URL: https://kbopub.economie.fgov.be/kbopub/toonondernemingps.html?lang=fr&ondernemingsnummer=1001927252
2025-09-04 17:24:15 [kbo_spider] INFO: Requesting URL: https://kbopub.economie.fgov.be/kbopub/toonondernemingps.html?lang=fr&ondernemingsnummer=0885217941
2025-09-04 17:24:15 [kbo_spider] INFO: Requesting URL: https://kbopub.economie.fgov.be/kbopub/toonondernemingps.html?lang=fr&ondernemingsnummer=0888490207
2025-09-04 17:24:15 [kbo_spider] INFO: Requesting URL: https://kbopub.economie.fgov.be/kbopub/toonondernemingps.html?lang=fr&ondernemingsnummer=0457740327
2025-09-04 17:24:15 [kbo_spider] INFO: Requesting URL: https://kbopub.economie.fgov.be/kbopub/toonondernemingps.html?lang=fr&ondernemingsnummer=0500605122
2025-09-04 17:24:15 [kbo_spider] INFO: Requesting URL: https://kbopub.economie.fgov.be/kbopub/toonondernemingps.html?lang=fr&ondernemingsnummer=0777736595
2025-09-04 17:24:23 [scrapy.core.engine] INFO: Closing spider (closespider_itemcount)
2025-09-04 17:24:33 [scrapy.statscollectors] INFO: Dumping Scrapy stats:
{'downloader/request_bytes': 4191,
 'downloader/request_count': 10,
 'downloader/request_method_count/GET': 10,
 'downloader/response_bytes': 168579,
 'downloader/response_count': 10,
 'downloader/response_status_count/200': 10,
 'elapsed_time_seconds': 19.099155,
 'finish_reason': 'closespider_itemcount',
 'finish_time': datetime.datetime(2025, 9, 4, 15, 24, 33, 887616, tzinfo=datetime.timezone.utc),
 'httpcache/firsthand': 10,
 'httpcache/miss': 10,
 'httpcache/store': 10,
 'item_scraped_count': 10,
 'log_count/INFO': 20,
 'log_count/WARNING': 1,
 'response_received_count': 10,
 'scheduler/dequeued': 10,
 'scheduler/dequeued/memory': 10,
 'scheduler/enqueued': 10,
 'scheduler/enqueued/memory': 10,
 'start_time': datetime.datetime(2025, 9, 4, 15, 24, 14, 788461, tzinfo=datetime.timezone.utc)}
2025-09-04 17:24:33 [scrapy.core.engine] INFO: Spider closed (closespider_itemcount)
2025-09-04 17:24:40 [scrapy.utils.log] INFO: Scrapy 2.11.1 started (bot: kbo_scraper)
2025-09-04 17:24:40 [scrapy.utils.log] INFO: Versions: lxml 5.2.1.0, libxml2 2.10.4, cssselect 1.2.0, parsel 1.8.1, w3lib 2.1.2, Twisted 23.10.0, Python 3.12.4 | packaged by Anaconda, Inc. | (main, Jun 18 2024, 15:03:56) [MSC v.1929 64 bit (AMD64)], pyOpenSSL 24.0.0 (OpenSSL 3.0.15 3 Sep 2024), cryptography 42.0.5, Platform Windows-11-10.0.26100-SP0
2025-09-04 17:24:40 [scrapy.addons] INFO: Enabled addons:
[]
2025-09-04 17:24:40 [py.warnings] WARNING: C:\Users\Quentin\anaconda3\Lib\site-packages\scrapy\utils\request.py:254: ScrapyDeprecationWarning: '2.6' is a deprecated value for the 'REQUEST_FINGERPRINTER_IMPLEMENTATION' setting.

It is also the default value. In other words, it is normal to get this warning if you have not defined a value for the 'REQUEST_FINGERPRINTER_IMPLEMENTATION' setting. This is so for backward compatibility reasons, but it will change in a future version of Scrapy.

See the documentation of the 'REQUEST_FINGERPRINTER_IMPLEMENTATION' setting for information on how to handle this deprecation.
  return cls(crawler)

2025-09-04 17:24:40 [scrapy.extensions.telnet] INFO: Telnet Password: 7b29e75ece7970aa
2025-09-04 17:24:41 [scrapy.middleware] INFO: Enabled extensions:
['scrapy.extensions.corestats.CoreStats',
 'scrapy.extensions.telnet.TelnetConsole',
 'scrapy.extensions.closespider.CloseSpider',
 'scrapy.extensions.logstats.LogStats',
 'scrapy.extensions.throttle.AutoThrottle']
2025-09-04 17:24:41 [scrapy.crawler] INFO: Overridden settings:
{'AUTOTHROTTLE_ENABLED': True,
 'AUTOTHROTTLE_MAX_DELAY': 10,
 'AUTOTHROTTLE_START_DELAY': 1,
 'AUTOTHROTTLE_TARGET_CONCURRENCY': 2.0,
 'BOT_NAME': 'kbo_scraper',
 'CLOSESPIDER_ITEMCOUNT': '5',
 'CONCURRENT_REQUESTS': 1,
 'DOWNLOAD_DELAY': 2.0,
 'FEED_EXPORT_ENCODING': 'utf-8',
 'HTTPCACHE_ENABLED': True,
 'HTTPCACHE_EXPIRATION_SECS': 3600,
 'LOG_FILE': 'scrapy.log',
 'LOG_LEVEL': 'INFO',
 'NEWSPIDER_MODULE': 'kbo_scraper.spiders',
 'SPIDER_MODULES': ['kbo_scraper.spiders']}
2025-09-04 17:24:41 [scrapy.middleware] INFO: Enabled downloader middlewares:
['scrapy.downloadermiddlewares.httpauth.HttpAuthMiddleware',
 'scrapy.downloadermiddlewares.downloadtimeout.DownloadTimeoutMiddleware',
 'scrapy.downloadermiddlewares.defaultheaders.DefaultHeadersMiddleware',
 'kbo_scraper.middlewares.RotateUserAgentMiddleware',
 'scrapy.downloadermiddlewares.retry.RetryMiddleware',
 'scrapy.downloadermiddlewares.redirect.MetaRefreshMiddleware',
 'scrapy.downloadermiddlewares.httpcompression.HttpCompressionMiddleware',
 'scrapy.downloadermiddlewares.redirect.RedirectMiddleware',
 'scrapy.downloadermiddlewares.cookies.CookiesMiddleware',
 'scrapy.downloadermiddlewares.httpproxy.HttpProxyMiddleware',
 'scrapy.downloadermiddlewares.stats.DownloaderStats',
 'scrapy.downloadermiddlewares.httpcache.HttpCacheMiddleware']
2025-09-04 17:24:41 [scrapy.middleware] INFO: Enabled spider middlewares:
['scrapy.spidermiddlewares.httperror.HttpErrorMiddleware',
 'scrapy.spidermiddlewares.offsite.OffsiteMiddleware',
 'scrapy.spidermiddlewares.referer.RefererMiddleware',
 'scrapy.spidermiddlewares.urllength.UrlLengthMiddleware',
 'scrapy.spidermiddlewares.depth.DepthMiddleware']
2025-09-04 17:24:41 [scrapy.middleware] INFO: Enabled item pipelines:
['kbo_scraper.pipelines.ValidationPipeline',
 'kbo_scraper.pipelines.PublicationDeduplicationPipeline',
 'kbo_scraper.pipelines.MongoPipeline']
2025-09-04 17:24:41 [scrapy.core.engine] INFO: Spider opened
2025-09-04 17:24:41 [scrapy.extensions.logstats] INFO: Crawled 0 pages (at 0 pages/min), scraped 0 items (at 0 items/min)
2025-09-04 17:24:41 [scrapy.extensions.telnet] INFO: Telnet console listening on 127.0.0.1:6023
2025-09-04 17:24:41 [ejustice_spider] INFO: Page vide détectée -> fin pagination pour 0459.238.283
2025-09-04 17:24:44 [ejustice_spider] INFO: Publications sauvegardées pour 1003.128.567: 1
2025-09-04 17:24:47 [ejustice_spider] INFO: Page vide détectée -> fin pagination pour 0827.799.087
2025-09-04 17:24:48 [ejustice_spider] INFO: Publications sauvegardées pour 0749.888.984: 1
2025-09-04 17:24:51 [ejustice_spider] INFO: Page vide détectée -> fin pagination pour 1001.927.252
2025-09-04 17:24:53 [ejustice_spider] INFO: Page vide détectée -> fin pagination pour 0885.217.941
2025-09-04 17:24:55 [ejustice_spider] INFO: Publications sauvegardées pour 0888.490.207: 16
2025-09-04 17:24:58 [ejustice_spider] INFO: Publications sauvegardées pour 0457.740.327: 11
2025-09-04 17:25:01 [ejustice_spider] INFO: Publications sauvegardées pour 0500.605.122: 5
2025-09-04 17:25:01 [scrapy.core.engine] INFO: Closing spider (closespider_itemcount)
2025-09-04 17:25:03 [ejustice_spider] INFO: Publications sauvegardées pour 0777.736.595: 1
2025-09-04 17:25:03 [scrapy.statscollectors] INFO: Dumping Scrapy stats:
{'downloader/request_bytes': 3748,
 'downloader/request_count': 10,
 'downloader/request_method_count/GET': 10,
 'downloader/response_bytes': 110607,
 'downloader/response_count': 10,
 'downloader/response_status_count/200': 10,
 'elapsed_time_seconds': 22.338289,
 'finish_reason': 'closespider_itemcount',
 'finish_time': datetime.datetime(2025, 9, 4, 15, 25, 3, 563942, tzinfo=datetime.timezone.utc),
 'httpcache/firsthand': 10,
 'httpcache/miss': 10,
 'httpcache/store': 10,
 'item_scraped_count': 6,
 'log_count/INFO': 20,
 'log_count/WARNING': 1,
 'response_received_count': 10,
 'scheduler/dequeued': 10,
 'scheduler/dequeued/memory': 10,
 'scheduler/enqueued': 10,
 'scheduler/enqueued/memory': 10,
 'start_time': datetime.datetime(2025, 9, 4, 15, 24, 41, 225653, tzinfo=datetime.timezone.utc)}
2025-09-04 17:25:03 [scrapy.core.engine] INFO: Spider closed (closespider_itemcount)
