2025-09-04 18:03:59 [scrapy.utils.log] INFO: Scrapy 2.11.1 started (bot: kbo_scraper)
2025-09-04 18:03:59 [scrapy.utils.log] INFO: Versions: lxml 5.2.1.0, libxml2 2.10.4, cssselect 1.2.0, parsel 1.8.1, w3lib 2.1.2, Twisted 23.10.0, Python 3.12.4 | packaged by Anaconda, Inc. | (main, Jun 18 2024, 15:03:56) [MSC v.1929 64 bit (AMD64)], pyOpenSSL 24.0.0 (OpenSSL 3.0.15 3 Sep 2024), cryptography 42.0.5, Platform Windows-11-10.0.26100-SP0
2025-09-04 18:03:59 [scrapy.addons] INFO: Enabled addons:
[]
2025-09-04 18:03:59 [py.warnings] WARNING: C:\Users\Quentin\anaconda3\Lib\site-packages\scrapy\utils\request.py:254: ScrapyDeprecationWarning: '2.6' is a deprecated value for the 'REQUEST_FINGERPRINTER_IMPLEMENTATION' setting.

It is also the default value. In other words, it is normal to get this warning if you have not defined a value for the 'REQUEST_FINGERPRINTER_IMPLEMENTATION' setting. This is so for backward compatibility reasons, but it will change in a future version of Scrapy.

See the documentation of the 'REQUEST_FINGERPRINTER_IMPLEMENTATION' setting for information on how to handle this deprecation.
  return cls(crawler)

2025-09-04 18:03:59 [scrapy.extensions.telnet] INFO: Telnet Password: 2ca81619d34a3436
2025-09-04 18:03:59 [scrapy.middleware] INFO: Enabled extensions:
['scrapy.extensions.corestats.CoreStats',
 'scrapy.extensions.telnet.TelnetConsole',
 'scrapy.extensions.logstats.LogStats',
 'scrapy.extensions.throttle.AutoThrottle']
2025-09-04 18:03:59 [scrapy.crawler] INFO: Overridden settings:
{'AUTOTHROTTLE_ENABLED': True,
 'AUTOTHROTTLE_MAX_DELAY': 10,
 'AUTOTHROTTLE_START_DELAY': 1,
 'AUTOTHROTTLE_TARGET_CONCURRENCY': 2.0,
 'BOT_NAME': 'kbo_scraper',
 'CONCURRENT_REQUESTS': 1,
 'DOWNLOAD_DELAY': 2,
 'HTTPCACHE_ENABLED': True,
 'HTTPCACHE_EXPIRATION_SECS': 3600,
 'LOG_FILE': 'scrapy.log',
 'LOG_LEVEL': 'INFO',
 'NEWSPIDER_MODULE': 'kbo_scraper.spiders',
 'SPIDER_MODULES': ['kbo_scraper.spiders']}
2025-09-04 18:03:59 [scrapy.middleware] INFO: Enabled downloader middlewares:
['scrapy.downloadermiddlewares.httpauth.HttpAuthMiddleware',
 'scrapy.downloadermiddlewares.downloadtimeout.DownloadTimeoutMiddleware',
 'scrapy.downloadermiddlewares.defaultheaders.DefaultHeadersMiddleware',
 'kbo_scraper.middlewares.RotateUserAgentMiddleware',
 'scrapy.downloadermiddlewares.retry.RetryMiddleware',
 'scrapy.downloadermiddlewares.redirect.MetaRefreshMiddleware',
 'scrapy.downloadermiddlewares.httpcompression.HttpCompressionMiddleware',
 'scrapy.downloadermiddlewares.redirect.RedirectMiddleware',
 'scrapy.downloadermiddlewares.cookies.CookiesMiddleware',
 'scrapy.downloadermiddlewares.httpproxy.HttpProxyMiddleware',
 'scrapy.downloadermiddlewares.stats.DownloaderStats',
 'scrapy.downloadermiddlewares.httpcache.HttpCacheMiddleware']
2025-09-04 18:04:00 [scrapy.middleware] INFO: Enabled spider middlewares:
['scrapy.spidermiddlewares.httperror.HttpErrorMiddleware',
 'scrapy.spidermiddlewares.offsite.OffsiteMiddleware',
 'scrapy.spidermiddlewares.referer.RefererMiddleware',
 'scrapy.spidermiddlewares.urllength.UrlLengthMiddleware',
 'scrapy.spidermiddlewares.depth.DepthMiddleware']
2025-09-04 18:04:00 [scrapy.middleware] INFO: Enabled item pipelines:
['kbo_scraper.pipelines.ValidationPipeline',
 'kbo_scraper.pipelines.PublicationDeduplicationPipeline',
 'kbo_scraper.pipelines.MongoPipeline']
2025-09-04 18:04:00 [scrapy.core.engine] INFO: Spider opened
2025-09-04 18:04:00 [scrapy.extensions.logstats] INFO: Crawled 0 pages (at 0 pages/min), scraped 0 items (at 0 items/min)
2025-09-04 18:04:00 [scrapy.extensions.telnet] INFO: Telnet console listening on 127.0.0.1:6023
2025-09-04 18:04:00 [scrapy.core.engine] INFO: Closing spider (finished)
2025-09-04 18:04:00 [scrapy.statscollectors] INFO: Dumping Scrapy stats:
{'elapsed_time_seconds': 0.007518,
 'finish_reason': 'finished',
 'finish_time': datetime.datetime(2025, 9, 4, 16, 4, 0, 23021, tzinfo=datetime.timezone.utc),
 'log_count/INFO': 10,
 'log_count/WARNING': 1,
 'start_time': datetime.datetime(2025, 9, 4, 16, 4, 0, 15503, tzinfo=datetime.timezone.utc)}
2025-09-04 18:04:00 [scrapy.core.engine] INFO: Spider closed (finished)
2025-09-04 18:04:12 [scrapy.utils.log] INFO: Scrapy 2.11.1 started (bot: kbo_scraper)
2025-09-04 18:04:12 [scrapy.utils.log] INFO: Versions: lxml 5.2.1.0, libxml2 2.10.4, cssselect 1.2.0, parsel 1.8.1, w3lib 2.1.2, Twisted 23.10.0, Python 3.12.4 | packaged by Anaconda, Inc. | (main, Jun 18 2024, 15:03:56) [MSC v.1929 64 bit (AMD64)], pyOpenSSL 24.0.0 (OpenSSL 3.0.15 3 Sep 2024), cryptography 42.0.5, Platform Windows-11-10.0.26100-SP0
2025-09-04 18:04:12 [scrapy.addons] INFO: Enabled addons:
[]
2025-09-04 18:04:12 [py.warnings] WARNING: C:\Users\Quentin\anaconda3\Lib\site-packages\scrapy\utils\request.py:254: ScrapyDeprecationWarning: '2.6' is a deprecated value for the 'REQUEST_FINGERPRINTER_IMPLEMENTATION' setting.

It is also the default value. In other words, it is normal to get this warning if you have not defined a value for the 'REQUEST_FINGERPRINTER_IMPLEMENTATION' setting. This is so for backward compatibility reasons, but it will change in a future version of Scrapy.

See the documentation of the 'REQUEST_FINGERPRINTER_IMPLEMENTATION' setting for information on how to handle this deprecation.
  return cls(crawler)

2025-09-04 18:04:12 [scrapy.extensions.telnet] INFO: Telnet Password: 745be598cca8d376
2025-09-04 18:04:12 [scrapy.middleware] INFO: Enabled extensions:
['scrapy.extensions.corestats.CoreStats',
 'scrapy.extensions.telnet.TelnetConsole',
 'scrapy.extensions.logstats.LogStats',
 'scrapy.extensions.throttle.AutoThrottle']
2025-09-04 18:04:12 [scrapy.crawler] INFO: Overridden settings:
{'AUTOTHROTTLE_ENABLED': True,
 'AUTOTHROTTLE_MAX_DELAY': 10,
 'AUTOTHROTTLE_START_DELAY': 1,
 'AUTOTHROTTLE_TARGET_CONCURRENCY': 2.0,
 'BOT_NAME': 'kbo_scraper',
 'CONCURRENT_REQUESTS': 1,
 'DOWNLOAD_DELAY': 2,
 'HTTPCACHE_ENABLED': True,
 'HTTPCACHE_EXPIRATION_SECS': 3600,
 'LOG_FILE': 'scrapy.log',
 'LOG_LEVEL': 'INFO',
 'NEWSPIDER_MODULE': 'kbo_scraper.spiders',
 'SPIDER_MODULES': ['kbo_scraper.spiders']}
2025-09-04 18:04:12 [scrapy.middleware] INFO: Enabled downloader middlewares:
['scrapy.downloadermiddlewares.httpauth.HttpAuthMiddleware',
 'scrapy.downloadermiddlewares.downloadtimeout.DownloadTimeoutMiddleware',
 'scrapy.downloadermiddlewares.defaultheaders.DefaultHeadersMiddleware',
 'kbo_scraper.middlewares.RotateUserAgentMiddleware',
 'scrapy.downloadermiddlewares.retry.RetryMiddleware',
 'scrapy.downloadermiddlewares.redirect.MetaRefreshMiddleware',
 'scrapy.downloadermiddlewares.httpcompression.HttpCompressionMiddleware',
 'scrapy.downloadermiddlewares.redirect.RedirectMiddleware',
 'scrapy.downloadermiddlewares.cookies.CookiesMiddleware',
 'scrapy.downloadermiddlewares.httpproxy.HttpProxyMiddleware',
 'scrapy.downloadermiddlewares.stats.DownloaderStats',
 'scrapy.downloadermiddlewares.httpcache.HttpCacheMiddleware']
2025-09-04 18:04:12 [scrapy.middleware] INFO: Enabled spider middlewares:
['scrapy.spidermiddlewares.httperror.HttpErrorMiddleware',
 'scrapy.spidermiddlewares.offsite.OffsiteMiddleware',
 'scrapy.spidermiddlewares.referer.RefererMiddleware',
 'scrapy.spidermiddlewares.urllength.UrlLengthMiddleware',
 'scrapy.spidermiddlewares.depth.DepthMiddleware']
2025-09-04 18:04:12 [scrapy.middleware] INFO: Enabled item pipelines:
['kbo_scraper.pipelines.ValidationPipeline',
 'kbo_scraper.pipelines.PublicationDeduplicationPipeline',
 'kbo_scraper.pipelines.MongoPipeline']
2025-09-04 18:04:12 [scrapy.core.engine] INFO: Spider opened
2025-09-04 18:04:12 [scrapy.extensions.logstats] INFO: Crawled 0 pages (at 0 pages/min), scraped 0 items (at 0 items/min)
2025-09-04 18:04:12 [scrapy.extensions.telnet] INFO: Telnet console listening on 127.0.0.1:6023
2025-09-04 18:04:12 [scrapy.core.engine] INFO: Closing spider (finished)
2025-09-04 18:04:12 [scrapy.statscollectors] INFO: Dumping Scrapy stats:
{'elapsed_time_seconds': 0.0348,
 'finish_reason': 'finished',
 'finish_time': datetime.datetime(2025, 9, 4, 16, 4, 12, 779176, tzinfo=datetime.timezone.utc),
 'log_count/INFO': 10,
 'log_count/WARNING': 1,
 'start_time': datetime.datetime(2025, 9, 4, 16, 4, 12, 744376, tzinfo=datetime.timezone.utc)}
2025-09-04 18:04:12 [scrapy.core.engine] INFO: Spider closed (finished)
2025-09-04 18:04:43 [scrapy.utils.log] INFO: Scrapy 2.11.1 started (bot: kbo_scraper)
2025-09-04 18:04:43 [scrapy.utils.log] INFO: Versions: lxml 5.2.1.0, libxml2 2.10.4, cssselect 1.2.0, parsel 1.8.1, w3lib 2.1.2, Twisted 23.10.0, Python 3.12.4 | packaged by Anaconda, Inc. | (main, Jun 18 2024, 15:03:56) [MSC v.1929 64 bit (AMD64)], pyOpenSSL 24.0.0 (OpenSSL 3.0.15 3 Sep 2024), cryptography 42.0.5, Platform Windows-11-10.0.26100-SP0
2025-09-04 18:04:43 [scrapy.addons] INFO: Enabled addons:
[]
2025-09-04 18:04:43 [py.warnings] WARNING: C:\Users\Quentin\anaconda3\Lib\site-packages\scrapy\utils\request.py:254: ScrapyDeprecationWarning: '2.6' is a deprecated value for the 'REQUEST_FINGERPRINTER_IMPLEMENTATION' setting.

It is also the default value. In other words, it is normal to get this warning if you have not defined a value for the 'REQUEST_FINGERPRINTER_IMPLEMENTATION' setting. This is so for backward compatibility reasons, but it will change in a future version of Scrapy.

See the documentation of the 'REQUEST_FINGERPRINTER_IMPLEMENTATION' setting for information on how to handle this deprecation.
  return cls(crawler)

2025-09-04 18:04:43 [scrapy.extensions.telnet] INFO: Telnet Password: 040694a718de156b
2025-09-04 18:04:43 [scrapy.middleware] INFO: Enabled extensions:
['scrapy.extensions.corestats.CoreStats',
 'scrapy.extensions.telnet.TelnetConsole',
 'scrapy.extensions.logstats.LogStats',
 'scrapy.extensions.throttle.AutoThrottle']
2025-09-04 18:04:43 [scrapy.crawler] INFO: Overridden settings:
{'AUTOTHROTTLE_ENABLED': True,
 'AUTOTHROTTLE_MAX_DELAY': 10,
 'AUTOTHROTTLE_START_DELAY': 1,
 'AUTOTHROTTLE_TARGET_CONCURRENCY': 2.0,
 'BOT_NAME': 'kbo_scraper',
 'CONCURRENT_REQUESTS': 1,
 'DOWNLOAD_DELAY': 2,
 'HTTPCACHE_ENABLED': True,
 'HTTPCACHE_EXPIRATION_SECS': 3600,
 'LOG_FILE': 'scrapy.log',
 'LOG_LEVEL': 'INFO',
 'NEWSPIDER_MODULE': 'kbo_scraper.spiders',
 'SPIDER_MODULES': ['kbo_scraper.spiders']}
2025-09-04 18:04:43 [scrapy.middleware] INFO: Enabled downloader middlewares:
['scrapy.downloadermiddlewares.httpauth.HttpAuthMiddleware',
 'scrapy.downloadermiddlewares.downloadtimeout.DownloadTimeoutMiddleware',
 'scrapy.downloadermiddlewares.defaultheaders.DefaultHeadersMiddleware',
 'kbo_scraper.middlewares.RotateUserAgentMiddleware',
 'scrapy.downloadermiddlewares.retry.RetryMiddleware',
 'scrapy.downloadermiddlewares.redirect.MetaRefreshMiddleware',
 'scrapy.downloadermiddlewares.httpcompression.HttpCompressionMiddleware',
 'scrapy.downloadermiddlewares.redirect.RedirectMiddleware',
 'scrapy.downloadermiddlewares.cookies.CookiesMiddleware',
 'scrapy.downloadermiddlewares.httpproxy.HttpProxyMiddleware',
 'scrapy.downloadermiddlewares.stats.DownloaderStats',
 'scrapy.downloadermiddlewares.httpcache.HttpCacheMiddleware']
2025-09-04 18:04:43 [scrapy.middleware] INFO: Enabled spider middlewares:
['scrapy.spidermiddlewares.httperror.HttpErrorMiddleware',
 'scrapy.spidermiddlewares.offsite.OffsiteMiddleware',
 'scrapy.spidermiddlewares.referer.RefererMiddleware',
 'scrapy.spidermiddlewares.urllength.UrlLengthMiddleware',
 'scrapy.spidermiddlewares.depth.DepthMiddleware']
2025-09-04 18:04:43 [scrapy.middleware] INFO: Enabled item pipelines:
['kbo_scraper.pipelines.ValidationPipeline',
 'kbo_scraper.pipelines.PublicationDeduplicationPipeline',
 'kbo_scraper.pipelines.MongoPipeline']
2025-09-04 18:04:43 [scrapy.core.engine] INFO: Spider opened
2025-09-04 18:04:43 [scrapy.extensions.logstats] INFO: Crawled 0 pages (at 0 pages/min), scraped 0 items (at 0 items/min)
2025-09-04 18:04:43 [scrapy.extensions.telnet] INFO: Telnet console listening on 127.0.0.1:6023
2025-09-04 18:04:43 [scrapy.core.engine] INFO: Closing spider (finished)
2025-09-04 18:04:43 [scrapy.statscollectors] INFO: Dumping Scrapy stats:
{'elapsed_time_seconds': 0.007011,
 'finish_reason': 'finished',
 'finish_time': datetime.datetime(2025, 9, 4, 16, 4, 43, 555961, tzinfo=datetime.timezone.utc),
 'log_count/INFO': 10,
 'log_count/WARNING': 1,
 'start_time': datetime.datetime(2025, 9, 4, 16, 4, 43, 548950, tzinfo=datetime.timezone.utc)}
2025-09-04 18:04:43 [scrapy.core.engine] INFO: Spider closed (finished)
2025-09-04 18:04:48 [scrapy.utils.log] INFO: Scrapy 2.11.1 started (bot: kbo_scraper)
2025-09-04 18:04:48 [scrapy.utils.log] INFO: Versions: lxml 5.2.1.0, libxml2 2.10.4, cssselect 1.2.0, parsel 1.8.1, w3lib 2.1.2, Twisted 23.10.0, Python 3.12.4 | packaged by Anaconda, Inc. | (main, Jun 18 2024, 15:03:56) [MSC v.1929 64 bit (AMD64)], pyOpenSSL 24.0.0 (OpenSSL 3.0.15 3 Sep 2024), cryptography 42.0.5, Platform Windows-11-10.0.26100-SP0
2025-09-04 18:04:48 [scrapy.addons] INFO: Enabled addons:
[]
2025-09-04 18:04:48 [py.warnings] WARNING: C:\Users\Quentin\anaconda3\Lib\site-packages\scrapy\utils\request.py:254: ScrapyDeprecationWarning: '2.6' is a deprecated value for the 'REQUEST_FINGERPRINTER_IMPLEMENTATION' setting.

It is also the default value. In other words, it is normal to get this warning if you have not defined a value for the 'REQUEST_FINGERPRINTER_IMPLEMENTATION' setting. This is so for backward compatibility reasons, but it will change in a future version of Scrapy.

See the documentation of the 'REQUEST_FINGERPRINTER_IMPLEMENTATION' setting for information on how to handle this deprecation.
  return cls(crawler)

2025-09-04 18:04:48 [scrapy.utils.log] DEBUG: Using reactor: twisted.internet.selectreactor.SelectReactor
2025-09-04 18:04:48 [scrapy.extensions.telnet] INFO: Telnet Password: 3918c675ded6cad4
2025-09-04 18:04:48 [scrapy.middleware] INFO: Enabled extensions:
['scrapy.extensions.corestats.CoreStats',
 'scrapy.extensions.telnet.TelnetConsole',
 'scrapy.extensions.logstats.LogStats',
 'scrapy.extensions.throttle.AutoThrottle']
2025-09-04 18:04:48 [scrapy.crawler] INFO: Overridden settings:
{'AUTOTHROTTLE_ENABLED': True,
 'AUTOTHROTTLE_MAX_DELAY': 10,
 'AUTOTHROTTLE_START_DELAY': 1,
 'AUTOTHROTTLE_TARGET_CONCURRENCY': 2.0,
 'BOT_NAME': 'kbo_scraper',
 'CONCURRENT_REQUESTS': 1,
 'DOWNLOAD_DELAY': 2,
 'HTTPCACHE_ENABLED': True,
 'HTTPCACHE_EXPIRATION_SECS': 3600,
 'LOG_FILE': 'scrapy.log',
 'NEWSPIDER_MODULE': 'kbo_scraper.spiders',
 'SPIDER_MODULES': ['kbo_scraper.spiders']}
2025-09-04 18:04:49 [scrapy.middleware] INFO: Enabled downloader middlewares:
['scrapy.downloadermiddlewares.httpauth.HttpAuthMiddleware',
 'scrapy.downloadermiddlewares.downloadtimeout.DownloadTimeoutMiddleware',
 'scrapy.downloadermiddlewares.defaultheaders.DefaultHeadersMiddleware',
 'kbo_scraper.middlewares.RotateUserAgentMiddleware',
 'scrapy.downloadermiddlewares.retry.RetryMiddleware',
 'scrapy.downloadermiddlewares.redirect.MetaRefreshMiddleware',
 'scrapy.downloadermiddlewares.httpcompression.HttpCompressionMiddleware',
 'scrapy.downloadermiddlewares.redirect.RedirectMiddleware',
 'scrapy.downloadermiddlewares.cookies.CookiesMiddleware',
 'scrapy.downloadermiddlewares.httpproxy.HttpProxyMiddleware',
 'scrapy.downloadermiddlewares.stats.DownloaderStats',
 'scrapy.downloadermiddlewares.httpcache.HttpCacheMiddleware']
2025-09-04 18:04:49 [scrapy.middleware] INFO: Enabled spider middlewares:
['scrapy.spidermiddlewares.httperror.HttpErrorMiddleware',
 'scrapy.spidermiddlewares.offsite.OffsiteMiddleware',
 'scrapy.spidermiddlewares.referer.RefererMiddleware',
 'scrapy.spidermiddlewares.urllength.UrlLengthMiddleware',
 'scrapy.spidermiddlewares.depth.DepthMiddleware']
2025-09-04 18:04:49 [scrapy.middleware] INFO: Enabled item pipelines:
['kbo_scraper.pipelines.ValidationPipeline',
 'kbo_scraper.pipelines.PublicationDeduplicationPipeline',
 'kbo_scraper.pipelines.MongoPipeline']
2025-09-04 18:04:49 [scrapy.core.engine] INFO: Spider opened
2025-09-04 18:04:49 [pymongo.topology] DEBUG: {"topologyId": {"$oid": "68b9b8a18783368a2cb78427"}, "message": "Starting topology monitoring"}
2025-09-04 18:04:49 [pymongo.topology] DEBUG: {"topologyId": {"$oid": "68b9b8a18783368a2cb78427"}, "previousDescription": "<TopologyDescription id: 68b9b8a18783368a2cb78427, topology_type: Unknown, servers: []>", "newDescription": "<TopologyDescription id: 68b9b8a18783368a2cb78427, topology_type: Unknown, servers: [<ServerDescription ('localhost', 27017) server_type: Unknown, rtt: None>]>", "message": "Topology description changed"}
2025-09-04 18:04:49 [pymongo.topology] DEBUG: {"topologyId": {"$oid": "68b9b8a18783368a2cb78427"}, "serverHost": "localhost", "serverPort": 27017, "message": "Starting server monitoring"}
2025-09-04 18:04:49 [pymongo.connection] DEBUG: {"clientId": {"$oid": "68b9b8a18783368a2cb78427"}, "message": "Connection pool created", "serverHost": "localhost", "serverPort": 27017}
2025-09-04 18:04:49 [scrapy.extensions.logstats] INFO: Crawled 0 pages (at 0 pages/min), scraped 0 items (at 0 items/min)
2025-09-04 18:04:49 [scrapy.extensions.httpcache] DEBUG: Using filesystem cache storage in C:\Users\Quentin\Documents\code\ipssi\master\scrapping\scrapy-KBO\kbo_scraper\.scrapy\httpcache
2025-09-04 18:04:49 [scrapy.extensions.telnet] INFO: Telnet console listening on 127.0.0.1:6023
2025-09-04 18:04:49 [pymongo.topology] DEBUG: {"topologyId": {"$oid": "68b9b8a18783368a2cb78427"}, "driverConnectionId": 1, "serverHost": "localhost", "serverPort": 27017, "awaited": false, "message": "Server heartbeat started"}
2025-09-04 18:04:49 [pymongo.topology] DEBUG: {"topologyId": {"$oid": "68b9b8a18783368a2cb78427"}, "driverConnectionId": 1, "serverConnectionId": 1404, "serverHost": "localhost", "serverPort": 27017, "awaited": false, "durationMS": 0.0, "reply": "{\"helloOk\": true, \"ismaster\": true, \"topologyVersion\": {\"processId\": {\"$oid\": \"68b44c6fb2c780f4896b82cf\"}}, \"maxBsonObjectSize\": 16777216, \"maxMessageSizeBytes\": 48000000, \"maxWriteBatchSize\": 100000, \"localTime\": {\"$date\": \"2025-09-04T16:04:49.042Z\"}, \"logicalSessionTimeoutMinutes\": 30, \"connectionId\": 1404, \"maxWireVersion\": 25, \"ok\": 1.0}", "message": "Server heartbeat succeeded"}
2025-09-04 18:04:49 [pymongo.connection] DEBUG: {"clientId": {"$oid": "68b9b8a18783368a2cb78427"}, "message": "Connection pool ready", "serverHost": "localhost", "serverPort": 27017}
2025-09-04 18:04:49 [pymongo.topology] DEBUG: {"topologyId": {"$oid": "68b9b8a18783368a2cb78427"}, "previousDescription": "<TopologyDescription id: 68b9b8a18783368a2cb78427, topology_type: Unknown, servers: [<ServerDescription ('localhost', 27017) server_type: Unknown, rtt: None>]>", "newDescription": "<TopologyDescription id: 68b9b8a18783368a2cb78427, topology_type: Single, servers: [<ServerDescription ('localhost', 27017) server_type: Standalone, rtt: 0.0>]>", "message": "Topology description changed"}
2025-09-04 18:04:49 [pymongo.topology] DEBUG: {"topologyId": {"$oid": "68b9b8a18783368a2cb78427"}, "driverConnectionId": 1, "serverConnectionId": 1404, "serverHost": "localhost", "serverPort": 27017, "awaited": true, "message": "Server heartbeat started"}
2025-09-04 18:04:49 [pymongo.topology] DEBUG: {"topologyId": {"$oid": "68b9b8a18783368a2cb78428"}, "message": "Starting topology monitoring"}
2025-09-04 18:04:49 [pymongo.topology] DEBUG: {"topologyId": {"$oid": "68b9b8a18783368a2cb78428"}, "previousDescription": "<TopologyDescription id: 68b9b8a18783368a2cb78428, topology_type: Unknown, servers: []>", "newDescription": "<TopologyDescription id: 68b9b8a18783368a2cb78428, topology_type: Unknown, servers: [<ServerDescription ('localhost', 27017) server_type: Unknown, rtt: None>]>", "message": "Topology description changed"}
2025-09-04 18:04:49 [pymongo.topology] DEBUG: {"topologyId": {"$oid": "68b9b8a18783368a2cb78428"}, "serverHost": "localhost", "serverPort": 27017, "message": "Starting server monitoring"}
2025-09-04 18:04:49 [pymongo.connection] DEBUG: {"clientId": {"$oid": "68b9b8a18783368a2cb78428"}, "message": "Connection pool created", "serverHost": "localhost", "serverPort": 27017}
2025-09-04 18:04:49 [pymongo.serverSelection] DEBUG: {"message": "Server selection started", "selector": "Primary()", "operation": "find", "topologyDescription": "<TopologyDescription id: 68b9b8a18783368a2cb78428, topology_type: Unknown, servers: [<ServerDescription ('localhost', 27017) server_type: Unknown, rtt: None>]>", "clientId": {"$oid": "68b9b8a18783368a2cb78428"}}
2025-09-04 18:04:49 [pymongo.serverSelection] DEBUG: {"message": "Waiting for suitable server to become available", "selector": "Primary()", "operation": "find", "topologyDescription": "<TopologyDescription id: 68b9b8a18783368a2cb78428, topology_type: Unknown, servers: [<ServerDescription ('localhost', 27017) server_type: Unknown, rtt: None>]>", "clientId": {"$oid": "68b9b8a18783368a2cb78428"}, "remainingTimeMS": 30}
2025-09-04 18:04:49 [pymongo.topology] DEBUG: {"topologyId": {"$oid": "68b9b8a18783368a2cb78428"}, "driverConnectionId": 1, "serverHost": "localhost", "serverPort": 27017, "awaited": false, "message": "Server heartbeat started"}
2025-09-04 18:04:49 [pymongo.topology] DEBUG: {"topologyId": {"$oid": "68b9b8a18783368a2cb78428"}, "driverConnectionId": 1, "serverConnectionId": 1406, "serverHost": "localhost", "serverPort": 27017, "awaited": false, "durationMS": 0.0, "reply": "{\"helloOk\": true, \"ismaster\": true, \"topologyVersion\": {\"processId\": {\"$oid\": \"68b44c6fb2c780f4896b82cf\"}}, \"maxBsonObjectSize\": 16777216, \"maxMessageSizeBytes\": 48000000, \"maxWriteBatchSize\": 100000, \"localTime\": {\"$date\": \"2025-09-04T16:04:49.045Z\"}, \"logicalSessionTimeoutMinutes\": 30, \"connectionId\": 1406, \"maxWireVersion\": 25, \"ok\": 1.0}", "message": "Server heartbeat succeeded"}
2025-09-04 18:04:49 [pymongo.connection] DEBUG: {"clientId": {"$oid": "68b9b8a18783368a2cb78428"}, "message": "Connection pool ready", "serverHost": "localhost", "serverPort": 27017}
2025-09-04 18:04:49 [pymongo.topology] DEBUG: {"topologyId": {"$oid": "68b9b8a18783368a2cb78428"}, "previousDescription": "<TopologyDescription id: 68b9b8a18783368a2cb78428, topology_type: Unknown, servers: [<ServerDescription ('localhost', 27017) server_type: Unknown, rtt: None>]>", "newDescription": "<TopologyDescription id: 68b9b8a18783368a2cb78428, topology_type: Single, servers: [<ServerDescription ('localhost', 27017) server_type: Standalone, rtt: 0.0>]>", "message": "Topology description changed"}
2025-09-04 18:04:49 [pymongo.serverSelection] DEBUG: {"message": "Server selection succeeded", "selector": "Primary()", "operation": "find", "topologyDescription": "<TopologyDescription id: 68b9b8a18783368a2cb78428, topology_type: Single, servers: [<ServerDescription ('localhost', 27017) server_type: Standalone, rtt: 0.0>]>", "clientId": {"$oid": "68b9b8a18783368a2cb78428"}, "serverHost": "localhost", "serverPort": 27017}
2025-09-04 18:04:49 [pymongo.connection] DEBUG: {"clientId": {"$oid": "68b9b8a18783368a2cb78428"}, "message": "Connection checkout started", "serverHost": "localhost", "serverPort": 27017}
2025-09-04 18:04:49 [pymongo.topology] DEBUG: {"topologyId": {"$oid": "68b9b8a18783368a2cb78428"}, "driverConnectionId": 1, "serverConnectionId": 1406, "serverHost": "localhost", "serverPort": 27017, "awaited": true, "message": "Server heartbeat started"}
2025-09-04 18:04:49 [pymongo.connection] DEBUG: {"clientId": {"$oid": "68b9b8a18783368a2cb78428"}, "message": "Connection created", "serverHost": "localhost", "serverPort": 27017, "driverConnectionId": 1}
2025-09-04 18:04:49 [pymongo.connection] DEBUG: {"clientId": {"$oid": "68b9b8a18783368a2cb78428"}, "message": "Connection ready", "serverHost": "localhost", "serverPort": 27017, "driverConnectionId": 1, "durationMS": 0.0}
2025-09-04 18:04:49 [pymongo.connection] DEBUG: {"clientId": {"$oid": "68b9b8a18783368a2cb78428"}, "message": "Connection checked out", "serverHost": "localhost", "serverPort": 27017, "driverConnectionId": 1, "durationMS": 0.01600000000325963}
2025-09-04 18:04:49 [pymongo.command] DEBUG: {"clientId": {"$oid": "68b9b8a18783368a2cb78428"}, "message": "Command started", "command": "{\"find\": \"entreprises\", \"projection\": {\"enterprise_number\": 1}, \"lsid\": {\"id\": {\"$binary\": {\"base64\": \"BjFMC6UQQYGWuaSgQW0GzA==\", \"subType\": \"04\"}}}, \"$db\": \"kbo_db\"}", "commandName": "find", "databaseName": "kbo_db", "requestId": 2935, "operationId": 2935, "driverConnectionId": 1, "serverConnectionId": 1408, "serverHost": "localhost", "serverPort": 27017}
2025-09-04 18:04:49 [pymongo.command] DEBUG: {"clientId": {"$oid": "68b9b8a18783368a2cb78428"}, "message": "Command succeeded", "durationMS": 0.0, "reply": "{\"cursor\": {\"ns\": \"kbo_db.entreprises\"}, \"ok\": 1.0}", "commandName": "find", "databaseName": "kbo_db", "requestId": 2935, "operationId": 2935, "driverConnectionId": 1, "serverConnectionId": 1408, "serverHost": "localhost", "serverPort": 27017}
2025-09-04 18:04:49 [pymongo.connection] DEBUG: {"clientId": {"$oid": "68b9b8a18783368a2cb78428"}, "message": "Connection checked in", "serverHost": "localhost", "serverPort": 27017, "driverConnectionId": 1}
2025-09-04 18:04:49 [scrapy.core.engine] INFO: Closing spider (finished)
2025-09-04 18:04:49 [pymongo.topology] DEBUG: {"topologyId": {"$oid": "68b9b8a18783368a2cb78427"}, "serverHost": "localhost", "serverPort": 27017, "message": "Stopped server monitoring"}
2025-09-04 18:04:49 [pymongo.connection] DEBUG: {"clientId": {"$oid": "68b9b8a18783368a2cb78427"}, "message": "Connection pool closed", "serverHost": "localhost", "serverPort": 27017}
2025-09-04 18:04:49 [pymongo.topology] DEBUG: {"topologyId": {"$oid": "68b9b8a18783368a2cb78427"}, "previousDescription": "<TopologyDescription id: 68b9b8a18783368a2cb78427, topology_type: Single, servers: [<ServerDescription ('localhost', 27017) server_type: Standalone, rtt: 0.0>]>", "newDescription": "<TopologyDescription id: 68b9b8a18783368a2cb78427, topology_type: Single, servers: [<ServerDescription ('localhost', 27017) server_type: Unknown, rtt: None>]>", "message": "Topology description changed"}
2025-09-04 18:04:49 [pymongo.topology] DEBUG: {"topologyId": {"$oid": "68b9b8a18783368a2cb78427"}, "message": "Stopped topology monitoring"}
2025-09-04 18:04:49 [scrapy.statscollectors] INFO: Dumping Scrapy stats:
{'elapsed_time_seconds': 0.021112,
 'finish_reason': 'finished',
 'finish_time': datetime.datetime(2025, 9, 4, 16, 4, 49, 60679, tzinfo=datetime.timezone.utc),
 'log_count/DEBUG': 34,
 'log_count/INFO': 10,
 'log_count/WARNING': 1,
 'start_time': datetime.datetime(2025, 9, 4, 16, 4, 49, 39567, tzinfo=datetime.timezone.utc)}
2025-09-04 18:04:49 [scrapy.core.engine] INFO: Spider closed (finished)
2025-09-04 18:04:49 [pymongo.topology] DEBUG: {"topologyId": {"$oid": "68b9b8a18783368a2cb78427"}, "serverHost": "localhost", "serverPort": 27017, "awaited": true, "durationMS": 516.0000000032596, "failure": "\"_OperationCancelled('operation cancelled')\"", "driverConnectionId": 1, "message": "Server heartbeat failed"}
